{"/Users/lap02385/Documents/GitHub/astrajs/packages/address-converter/src/converter.ts": {"path":"/Users/lap02385/Documents/GitHub/astrajs/packages/address-converter/src/converter.ts","statementMap":{"0":{"start":{"line":1,"column":0},"end":{"line":1,"column":null}},"1":{"start":{"line":7,"column":0},"end":{"line":7,"column":31}},"2":{"start":{"line":10,"column":2},"end":{"line":20,"column":null}},"3":{"start":{"line":11,"column":21},"end":{"line":11,"column":41}},"4":{"start":{"line":12,"column":4},"end":{"line":18,"column":null}},"5":{"start":{"line":17,"column":6},"end":{"line":17,"column":null}},"6":{"start":{"line":19,"column":4},"end":{"line":19,"column":null}},"7":{"start":{"line":24,"column":2},"end":{"line":25,"column":null}},"8":{"start":{"line":25,"column":4},"end":{"line":25,"column":60}},"9":{"start":{"line":28,"column":25},"end":{"line":32,"column":2}},"10":{"start":{"line":28,"column":62},"end":{"line":32,"column":2}},"11":{"start":{"line":34,"column":13},"end":{"line":34,"column":null}},"12":{"start":{"line":37,"column":2},"end":{"line":37,"column":null}},"13":{"start":{"line":37,"column":27},"end":{"line":37,"column":70}},"14":{"start":{"line":41,"column":2},"end":{"line":47,"column":null}},"15":{"start":{"line":42,"column":30},"end":{"line":42,"column":49}},"16":{"start":{"line":43,"column":4},"end":{"line":45,"column":null}},"17":{"start":{"line":44,"column":6},"end":{"line":44,"column":null}},"18":{"start":{"line":46,"column":4},"end":{"line":46,"column":null}},"19":{"start":{"line":50,"column":20},"end":{"line":54,"column":2}},"20":{"start":{"line":50,"column":55},"end":{"line":54,"column":2}},"21":{"start":{"line":56,"column":13},"end":{"line":56,"column":null}},"22":{"start":{"line":58,"column":30},"end":{"line":61,"column":1}},"23":{"start":{"line":59,"column":15},"end":{"line":59,"column":38}},"24":{"start":{"line":60,"column":2},"end":{"line":60,"column":null}},"25":{"start":{"line":58,"column":13},"end":{"line":58,"column":30}},"26":{"start":{"line":63,"column":30},"end":{"line":66,"column":1}},"27":{"start":{"line":64,"column":15},"end":{"line":64,"column":50}},"28":{"start":{"line":65,"column":2},"end":{"line":65,"column":null}},"29":{"start":{"line":63,"column":13},"end":{"line":63,"column":30}},"30":{"start":{"line":68,"column":13},"end":{"line":68,"column":null}},"31":{"start":{"line":70,"column":26},"end":{"line":73,"column":1}},"32":{"start":{"line":71,"column":15},"end":{"line":71,"column":38}},"33":{"start":{"line":72,"column":2},"end":{"line":72,"column":null}},"34":{"start":{"line":70,"column":13},"end":{"line":70,"column":26}},"35":{"start":{"line":75,"column":26},"end":{"line":78,"column":1}},"36":{"start":{"line":76,"column":15},"end":{"line":76,"column":42}},"37":{"start":{"line":77,"column":2},"end":{"line":77,"column":null}},"38":{"start":{"line":75,"column":13},"end":{"line":75,"column":26}},"39":{"start":{"line":80,"column":13},"end":{"line":80,"column":null}},"40":{"start":{"line":82,"column":28},"end":{"line":85,"column":1}},"41":{"start":{"line":83,"column":15},"end":{"line":83,"column":38}},"42":{"start":{"line":84,"column":2},"end":{"line":84,"column":null}},"43":{"start":{"line":82,"column":13},"end":{"line":82,"column":28}},"44":{"start":{"line":87,"column":28},"end":{"line":90,"column":1}},"45":{"start":{"line":88,"column":15},"end":{"line":88,"column":44}},"46":{"start":{"line":89,"column":2},"end":{"line":89,"column":null}},"47":{"start":{"line":87,"column":13},"end":{"line":87,"column":28}},"48":{"start":{"line":92,"column":13},"end":{"line":92,"column":null}},"49":{"start":{"line":94,"column":27},"end":{"line":97,"column":1}},"50":{"start":{"line":95,"column":15},"end":{"line":95,"column":38}},"51":{"start":{"line":96,"column":2},"end":{"line":96,"column":null}},"52":{"start":{"line":94,"column":13},"end":{"line":94,"column":27}},"53":{"start":{"line":99,"column":27},"end":{"line":102,"column":1}},"54":{"start":{"line":100,"column":15},"end":{"line":100,"column":43}},"55":{"start":{"line":101,"column":2},"end":{"line":101,"column":null}},"56":{"start":{"line":99,"column":13},"end":{"line":99,"column":27}},"57":{"start":{"line":105,"column":13},"end":{"line":105,"column":null}},"58":{"start":{"line":107,"column":26},"end":{"line":110,"column":1}},"59":{"start":{"line":108,"column":15},"end":{"line":108,"column":38}},"60":{"start":{"line":109,"column":2},"end":{"line":109,"column":null}},"61":{"start":{"line":107,"column":13},"end":{"line":107,"column":26}},"62":{"start":{"line":112,"column":26},"end":{"line":115,"column":1}},"63":{"start":{"line":113,"column":15},"end":{"line":113,"column":42}},"64":{"start":{"line":114,"column":2},"end":{"line":114,"column":null}},"65":{"start":{"line":112,"column":13},"end":{"line":112,"column":26}}},"fnMap":{"0":{"name":"makeChecksummedHexDecoder","decl":{"start":{"line":9,"column":9},"end":{"line":9,"column":34}},"loc":{"start":{"line":9,"column":51},"end":{"line":21,"column":1}}},"1":{"name":"(anonymous_1)","decl":{"start":{"line":10,"column":9},"end":{"line":10,"column":10}},"loc":{"start":{"line":10,"column":26},"end":{"line":20,"column":3}}},"2":{"name":"makeChecksummedHexEncoder","decl":{"start":{"line":23,"column":9},"end":{"line":23,"column":34}},"loc":{"start":{"line":23,"column":51},"end":{"line":26,"column":1}}},"3":{"name":"(anonymous_3)","decl":{"start":{"line":24,"column":9},"end":{"line":24,"column":10}},"loc":{"start":{"line":25,"column":4},"end":{"line":25,"column":60}}},"4":{"name":"(anonymous_4)","decl":{"start":{"line":28,"column":25},"end":{"line":28,"column":26}},"loc":{"start":{"line":28,"column":62},"end":{"line":32,"column":2}}},"5":{"name":"makeBech32Encoder","decl":{"start":{"line":36,"column":9},"end":{"line":36,"column":26}},"loc":{"start":{"line":36,"column":41},"end":{"line":38,"column":1}}},"6":{"name":"(anonymous_6)","decl":{"start":{"line":37,"column":9},"end":{"line":37,"column":10}},"loc":{"start":{"line":37,"column":27},"end":{"line":37,"column":70}}},"7":{"name":"makeBech32Decoder","decl":{"start":{"line":40,"column":9},"end":{"line":40,"column":26}},"loc":{"start":{"line":40,"column":48},"end":{"line":48,"column":1}}},"8":{"name":"(anonymous_8)","decl":{"start":{"line":41,"column":9},"end":{"line":41,"column":10}},"loc":{"start":{"line":41,"column":26},"end":{"line":47,"column":3}}},"9":{"name":"(anonymous_9)","decl":{"start":{"line":50,"column":20},"end":{"line":50,"column":21}},"loc":{"start":{"line":50,"column":55},"end":{"line":54,"column":2}}},"10":{"name":"(anonymous_10)","decl":{"start":{"line":58,"column":30},"end":{"line":58,"column":31}},"loc":{"start":{"line":58,"column":53},"end":{"line":61,"column":1}}},"11":{"name":"(anonymous_11)","decl":{"start":{"line":63,"column":30},"end":{"line":63,"column":31}},"loc":{"start":{"line":63,"column":59},"end":{"line":66,"column":1}}},"12":{"name":"(anonymous_12)","decl":{"start":{"line":70,"column":26},"end":{"line":70,"column":27}},"loc":{"start":{"line":70,"column":49},"end":{"line":73,"column":1}}},"13":{"name":"(anonymous_13)","decl":{"start":{"line":75,"column":26},"end":{"line":75,"column":27}},"loc":{"start":{"line":75,"column":51},"end":{"line":78,"column":1}}},"14":{"name":"(anonymous_14)","decl":{"start":{"line":82,"column":28},"end":{"line":82,"column":29}},"loc":{"start":{"line":82,"column":51},"end":{"line":85,"column":1}}},"15":{"name":"(anonymous_15)","decl":{"start":{"line":87,"column":28},"end":{"line":87,"column":29}},"loc":{"start":{"line":87,"column":53},"end":{"line":90,"column":1}}},"16":{"name":"(anonymous_16)","decl":{"start":{"line":94,"column":27},"end":{"line":94,"column":28}},"loc":{"start":{"line":94,"column":50},"end":{"line":97,"column":1}}},"17":{"name":"(anonymous_17)","decl":{"start":{"line":99,"column":27},"end":{"line":99,"column":28}},"loc":{"start":{"line":99,"column":52},"end":{"line":102,"column":1}}},"18":{"name":"(anonymous_18)","decl":{"start":{"line":107,"column":26},"end":{"line":107,"column":27}},"loc":{"start":{"line":107,"column":49},"end":{"line":110,"column":1}}},"19":{"name":"(anonymous_19)","decl":{"start":{"line":112,"column":26},"end":{"line":112,"column":27}},"loc":{"start":{"line":112,"column":51},"end":{"line":115,"column":1}}}},"branchMap":{"0":{"loc":{"start":{"line":12,"column":4},"end":{"line":18,"column":null}},"type":"if","locations":[{"start":{"line":12,"column":4},"end":{"line":18,"column":null}}]},"1":{"loc":{"start":{"line":13,"column":6},"end":{"line":15,"column":41}},"type":"binary-expr","locations":[{"start":{"line":13,"column":6},"end":{"line":13,"column":52}},{"start":{"line":14,"column":6},"end":{"line":14,"column":41}},{"start":{"line":15,"column":6},"end":{"line":15,"column":41}}]},"2":{"loc":{"start":{"line":13,"column":36},"end":{"line":13,"column":51}},"type":"binary-expr","locations":[{"start":{"line":13,"column":36},"end":{"line":13,"column":43}},{"start":{"line":13,"column":47},"end":{"line":13,"column":51}}]},"3":{"loc":{"start":{"line":25,"column":44},"end":{"line":25,"column":59}},"type":"binary-expr","locations":[{"start":{"line":25,"column":44},"end":{"line":25,"column":51}},{"start":{"line":25,"column":55},"end":{"line":25,"column":59}}]},"4":{"loc":{"start":{"line":43,"column":4},"end":{"line":45,"column":null}},"type":"if","locations":[{"start":{"line":43,"column":4},"end":{"line":45,"column":null}}]}},"s":{"0":1,"1":1,"2":1,"3":4,"4":4,"5":0,"6":4,"7":1,"8":4,"9":1,"10":1,"11":1,"12":5,"13":4,"14":5,"15":4,"16":4,"17":0,"18":4,"19":1,"20":5,"21":1,"22":1,"23":1,"24":1,"25":1,"26":1,"27":1,"28":1,"29":1,"30":1,"31":1,"32":1,"33":1,"34":1,"35":1,"36":1,"37":1,"38":1,"39":1,"40":1,"41":0,"42":0,"43":1,"44":1,"45":0,"46":0,"47":1,"48":1,"49":1,"50":0,"51":0,"52":1,"53":1,"54":0,"55":0,"56":1,"57":1,"58":1,"59":1,"60":1,"61":1,"62":1,"63":1,"64":1,"65":1},"f":{"0":1,"1":4,"2":1,"3":4,"4":1,"5":5,"6":4,"7":5,"8":4,"9":5,"10":1,"11":1,"12":1,"13":1,"14":0,"15":0,"16":0,"17":0,"18":1,"19":1},"b":{"0":[0],"1":[4,0,0],"2":[4,4],"3":[4,4],"4":[0]}}
,"/Users/lap02385/Documents/GitHub/astrajs/packages/address-converter/src/index.ts": {"path":"/Users/lap02385/Documents/GitHub/astrajs/packages/address-converter/src/index.ts","statementMap":{"0":{"start":{"line":1,"column":0},"end":{"line":1,"column":27}}},"fnMap":{},"branchMap":{},"s":{"0":1},"f":{},"b":{}}
,"/Users/lap02385/Documents/GitHub/astrajs/packages/eip712/src/messages/base.ts": {"path":"/Users/lap02385/Documents/GitHub/astrajs/packages/eip712/src/messages/base.ts","statementMap":{"0":{"start":{"line":2,"column":2},"end":{"line":13,"column":null}},"1":{"start":{"line":1,"column":0},"end":{"line":1,"column":16}},"2":{"start":{"line":24,"column":2},"end":{"line":31,"column":null}},"3":{"start":{"line":16,"column":0},"end":{"line":16,"column":16}},"4":{"start":{"line":42,"column":2},"end":{"line":49,"column":null}},"5":{"start":{"line":34,"column":0},"end":{"line":34,"column":16}},"6":{"start":{"line":53,"column":16},"end":{"line":82,"column":null}},"7":{"start":{"line":83,"column":2},"end":{"line":83,"column":null}},"8":{"start":{"line":84,"column":2},"end":{"line":84,"column":null}},"9":{"start":{"line":52,"column":0},"end":{"line":52,"column":16}},"10":{"start":{"line":93,"column":2},"end":{"line":102,"column":null}},"11":{"start":{"line":87,"column":0},"end":{"line":87,"column":16}}},"fnMap":{"0":{"name":"createEIP712","decl":{"start":{"line":1,"column":16},"end":{"line":1,"column":28}},"loc":{"start":{"line":1,"column":76},"end":{"line":14,"column":1}}},"1":{"name":"generateMessageWithMultipleTransactions","decl":{"start":{"line":16,"column":16},"end":{"line":16,"column":55}},"loc":{"start":{"line":22,"column":16},"end":{"line":32,"column":1}}},"2":{"name":"generateMessage","decl":{"start":{"line":34,"column":16},"end":{"line":34,"column":31}},"loc":{"start":{"line":40,"column":13},"end":{"line":50,"column":1}}},"3":{"name":"generateTypes","decl":{"start":{"line":52,"column":16},"end":{"line":52,"column":29}},"loc":{"start":{"line":52,"column":47},"end":{"line":85,"column":1}}},"4":{"name":"generateFee","decl":{"start":{"line":87,"column":16},"end":{"line":87,"column":27}},"loc":{"start":{"line":91,"column":18},"end":{"line":103,"column":1}}}},"branchMap":{},"s":{"0":1,"1":1,"2":2,"3":1,"4":2,"5":1,"6":2,"7":2,"8":2,"9":1,"10":3,"11":1},"f":{"0":1,"1":2,"2":2,"3":2,"4":3},"b":{}}
,"/Users/lap02385/Documents/GitHub/astrajs/packages/eip712/src/messages/msgsend.ts": {"path":"/Users/lap02385/Documents/GitHub/astrajs/packages/eip712/src/messages/msgsend.ts","statementMap":{"0":{"start":{"line":1,"column":13},"end":{"line":11,"column":null}},"1":{"start":{"line":18,"column":2},"end":{"line":30,"column":null}},"2":{"start":{"line":12,"column":0},"end":{"line":12,"column":16}}},"fnMap":{"0":{"name":"createMsgSend","decl":{"start":{"line":12,"column":16},"end":{"line":12,"column":29}},"loc":{"start":{"line":16,"column":19},"end":{"line":31,"column":1}}}},"branchMap":{},"s":{"0":1,"1":1,"2":1},"f":{"0":1},"b":{}}
,"/Users/lap02385/Documents/GitHub/astrajs/packages/proto/src/messages/msgEthereumTx.ts": {"path":"/Users/lap02385/Documents/GitHub/astrajs/packages/proto/src/messages/msgEthereumTx.ts","statementMap":{"0":{"start":{"line":1,"column":0},"end":{"line":1,"column":57}},"1":{"start":{"line":4,"column":2},"end":{"line":4,"column":null}},"2":{"start":{"line":3,"column":0},"end":{"line":3,"column":16}},"3":{"start":{"line":8,"column":2},"end":{"line":8,"column":null}},"4":{"start":{"line":7,"column":0},"end":{"line":7,"column":16}},"5":{"start":{"line":12,"column":2},"end":{"line":12,"column":null}},"6":{"start":{"line":11,"column":0},"end":{"line":11,"column":16}},"7":{"start":{"line":16,"column":2},"end":{"line":16,"column":null}},"8":{"start":{"line":15,"column":0},"end":{"line":15,"column":16}}},"fnMap":{"0":{"name":"bytesToMsgEthereumTx","decl":{"start":{"line":3,"column":16},"end":{"line":3,"column":36}},"loc":{"start":{"line":3,"column":54},"end":{"line":5,"column":1}}},"1":{"name":"bytesToLegacyTx","decl":{"start":{"line":7,"column":16},"end":{"line":7,"column":31}},"loc":{"start":{"line":7,"column":49},"end":{"line":9,"column":1}}},"2":{"name":"bytesToAccessListTx","decl":{"start":{"line":11,"column":16},"end":{"line":11,"column":35}},"loc":{"start":{"line":11,"column":53},"end":{"line":13,"column":1}}},"3":{"name":"bytesToDynamicFeeTx","decl":{"start":{"line":15,"column":16},"end":{"line":15,"column":35}},"loc":{"start":{"line":15,"column":53},"end":{"line":17,"column":1}}}},"branchMap":{},"s":{"0":1,"1":1,"2":1,"3":1,"4":1,"5":0,"6":1,"7":0,"8":1},"f":{"0":1,"1":1,"2":0,"3":0},"b":{}}
,"/Users/lap02385/Documents/GitHub/astrajs/packages/proto/src/messages/msgSend.ts": {"path":"/Users/lap02385/Documents/GitHub/astrajs/packages/proto/src/messages/msgSend.ts","statementMap":{"0":{"start":{"line":1,"column":0},"end":{"line":1,"column":55}},"1":{"start":{"line":2,"column":0},"end":{"line":2,"column":57}},"2":{"start":{"line":10,"column":16},"end":{"line":13,"column":4}},"3":{"start":{"line":15,"column":18},"end":{"line":19,"column":4}},"4":{"start":{"line":20,"column":2},"end":{"line":23,"column":null}},"5":{"start":{"line":4,"column":0},"end":{"line":4,"column":16}}},"fnMap":{"0":{"name":"createMsgSend","decl":{"start":{"line":4,"column":16},"end":{"line":4,"column":29}},"loc":{"start":{"line":8,"column":15},"end":{"line":24,"column":1}}}},"branchMap":{},"s":{"0":2,"1":2,"2":4,"3":4,"4":4,"5":2},"f":{"0":4},"b":{}}
,"/Users/lap02385/Documents/GitHub/astrajs/packages/proto/src/messages/txRaw.ts": {"path":"/Users/lap02385/Documents/GitHub/astrajs/packages/proto/src/messages/txRaw.ts","statementMap":{"0":{"start":{"line":1,"column":0},"end":{"line":1,"column":51}},"1":{"start":{"line":4,"column":2},"end":{"line":4,"column":null}},"2":{"start":{"line":3,"column":0},"end":{"line":3,"column":16}},"3":{"start":{"line":8,"column":2},"end":{"line":8,"column":null}},"4":{"start":{"line":7,"column":0},"end":{"line":7,"column":16}},"5":{"start":{"line":12,"column":2},"end":{"line":12,"column":null}},"6":{"start":{"line":11,"column":0},"end":{"line":11,"column":16}},"7":{"start":{"line":20,"column":18},"end":{"line":24,"column":4}},"8":{"start":{"line":25,"column":2},"end":{"line":28,"column":null}},"9":{"start":{"line":15,"column":0},"end":{"line":15,"column":16}}},"fnMap":{"0":{"name":"bytesToTxRaw","decl":{"start":{"line":3,"column":16},"end":{"line":3,"column":28}},"loc":{"start":{"line":3,"column":46},"end":{"line":5,"column":1}}},"1":{"name":"bytesToTxBody","decl":{"start":{"line":7,"column":16},"end":{"line":7,"column":29}},"loc":{"start":{"line":7,"column":47},"end":{"line":9,"column":1}}},"2":{"name":"bytesToAuthInfo","decl":{"start":{"line":11,"column":16},"end":{"line":11,"column":31}},"loc":{"start":{"line":11,"column":49},"end":{"line":13,"column":1}}},"3":{"name":"createTxRaw","decl":{"start":{"line":15,"column":16},"end":{"line":15,"column":27}},"loc":{"start":{"line":18,"column":26},"end":{"line":29,"column":1}}}},"branchMap":{},"s":{"0":3,"1":2,"2":3,"3":1,"4":3,"5":1,"6":3,"7":2,"8":2,"9":3},"f":{"0":2,"1":1,"2":1,"3":2},"b":{}}
,"/Users/lap02385/Documents/GitHub/astrajs/packages/proto/src/messages/utils.ts": {"path":"/Users/lap02385/Documents/GitHub/astrajs/packages/proto/src/messages/utils.ts","statementMap":{"0":{"start":{"line":2,"column":0},"end":{"line":2,"column":54}},"1":{"start":{"line":10,"column":2},"end":{"line":13,"column":null}},"2":{"start":{"line":9,"column":0},"end":{"line":9,"column":16}}},"fnMap":{"0":{"name":"createAnyMessage","decl":{"start":{"line":9,"column":16},"end":{"line":9,"column":32}},"loc":{"start":{"line":9,"column":54},"end":{"line":14,"column":1}}}},"branchMap":{},"s":{"0":1,"1":8,"2":1},"f":{"0":8},"b":{}}
,"/Users/lap02385/Documents/GitHub/astrajs/packages/proto/src/proto/cosmos/bank/v1beta1/bank.ts": {"path":"/Users/lap02385/Documents/GitHub/astrajs/packages/proto/src/proto/cosmos/bank/v1beta1/bank.ts","statementMap":{"0":{"start":{"line":8,"column":0},"end":{"line":8,"column":58}},"1":{"start":{"line":9,"column":0},"end":{"line":9,"column":40}},"2":{"start":{"line":10,"column":0},"end":{"line":10,"column":24}},"3":{"start":{"line":10,"column":24},"end":{"line":10,"column":29}},"4":{"start":{"line":10,"column":29},"end":{"line":10,"column":null}},"5":{"start":{"line":17,"column":12},"end":{"line":17,"column":20}},"6":{"start":{"line":12,"column":8},"end":{"line":12,"column":27}},"7":{"start":{"line":18,"column":12},"end":{"line":18,"column":107}},"8":{"start":{"line":19,"column":12},"end":{"line":26,"column":null}},"9":{"start":{"line":20,"column":16},"end":{"line":22,"column":null}},"10":{"start":{"line":21,"column":20},"end":{"line":21,"column":58}},"11":{"start":{"line":23,"column":16},"end":{"line":25,"column":null}},"12":{"start":{"line":24,"column":20},"end":{"line":24,"column":74}},"13":{"start":{"line":29,"column":12},"end":{"line":29,"column":95}},"14":{"start":{"line":32,"column":12},"end":{"line":32,"column":65}},"15":{"start":{"line":35,"column":12},"end":{"line":35,"column":61}},"16":{"start":{"line":38,"column":12},"end":{"line":38,"column":50}},"17":{"start":{"line":44,"column":28},"end":{"line":44,"column":42}},"18":{"start":{"line":45,"column":12},"end":{"line":47,"column":null}},"19":{"start":{"line":46,"column":16},"end":{"line":46,"column":99}},"20":{"start":{"line":46,"column":69},"end":{"line":46,"column":97}},"21":{"start":{"line":48,"column":12},"end":{"line":50,"column":null}},"22":{"start":{"line":49,"column":16},"end":{"line":49,"column":73}},"23":{"start":{"line":51,"column":12},"end":{"line":51,"column":27}},"24":{"start":{"line":57,"column":16},"end":{"line":57,"column":18}},"25":{"start":{"line":58,"column":12},"end":{"line":60,"column":null}},"26":{"start":{"line":59,"column":16},"end":{"line":59,"column":98}},"27":{"start":{"line":59,"column":81},"end":{"line":59,"column":96}},"28":{"start":{"line":61,"column":12},"end":{"line":63,"column":null}},"29":{"start":{"line":62,"column":16},"end":{"line":62,"column":70}},"30":{"start":{"line":64,"column":12},"end":{"line":64,"column":24}},"31":{"start":{"line":69,"column":27},"end":{"line":69,"column":55}},"32":{"start":{"line":70,"column":12},"end":{"line":71,"column":113}},"33":{"start":{"line":71,"column":16},"end":{"line":71,"column":113}},"34":{"start":{"line":71,"column":89},"end":{"line":71,"column":111}},"35":{"start":{"line":72,"column":12},"end":{"line":73,"column":63}},"36":{"start":{"line":73,"column":16},"end":{"line":73,"column":63}},"37":{"start":{"line":74,"column":12},"end":{"line":75,"column":48}},"38":{"start":{"line":75,"column":16},"end":{"line":75,"column":48}},"39":{"start":{"line":78,"column":27},"end":{"line":78,"column":100}},"40":{"start":{"line":78,"column":112},"end":{"line":78,"column":124}},"41":{"start":{"line":79,"column":12},"end":{"line":91,"column":null}},"42":{"start":{"line":80,"column":16},"end":{"line":81,"column":26}},"43":{"start":{"line":81,"column":20},"end":{"line":81,"column":26}},"44":{"start":{"line":82,"column":16},"end":{"line":90,"column":null}},"45":{"start":{"line":84,"column":24},"end":{"line":84,"column":169}},"46":{"start":{"line":84,"column":71},"end":{"line":84,"column":167}},"47":{"start":{"line":85,"column":24},"end":{"line":85,"column":30}},"48":{"start":{"line":87,"column":24},"end":{"line":87,"column":73}},"49":{"start":{"line":88,"column":24},"end":{"line":88,"column":30}},"50":{"start":{"line":89,"column":29},"end":{"line":89,"column":48}},"51":{"start":{"line":92,"column":12},"end":{"line":92,"column":27}},"52":{"start":{"line":95,"column":12},"end":{"line":95,"column":36}},"53":{"start":{"line":98,"column":12},"end":{"line":98,"column":45}},"54":{"start":{"line":11,"column":17},"end":{"line":100,"column":null}},"55":{"start":{"line":107,"column":12},"end":{"line":107,"column":20}},"56":{"start":{"line":102,"column":8},"end":{"line":102,"column":27}},"57":{"start":{"line":108,"column":12},"end":{"line":108,"column":106}},"58":{"start":{"line":109,"column":12},"end":{"line":116,"column":null}},"59":{"start":{"line":110,"column":16},"end":{"line":112,"column":null}},"60":{"start":{"line":111,"column":20},"end":{"line":111,"column":44}},"61":{"start":{"line":113,"column":16},"end":{"line":115,"column":null}},"62":{"start":{"line":114,"column":20},"end":{"line":114,"column":48}},"63":{"start":{"line":119,"column":12},"end":{"line":119,"column":60}},"64":{"start":{"line":122,"column":12},"end":{"line":122,"column":50}},"65":{"start":{"line":125,"column":12},"end":{"line":125,"column":61}},"66":{"start":{"line":128,"column":12},"end":{"line":128,"column":50}},"67":{"start":{"line":134,"column":28},"end":{"line":134,"column":47}},"68":{"start":{"line":135,"column":12},"end":{"line":137,"column":null}},"69":{"start":{"line":136,"column":16},"end":{"line":136,"column":43}},"70":{"start":{"line":138,"column":12},"end":{"line":140,"column":null}},"71":{"start":{"line":139,"column":16},"end":{"line":139,"column":47}},"72":{"start":{"line":141,"column":12},"end":{"line":141,"column":27}},"73":{"start":{"line":147,"column":16},"end":{"line":147,"column":18}},"74":{"start":{"line":148,"column":12},"end":{"line":150,"column":null}},"75":{"start":{"line":149,"column":16},"end":{"line":149,"column":40}},"76":{"start":{"line":151,"column":12},"end":{"line":153,"column":null}},"77":{"start":{"line":152,"column":16},"end":{"line":152,"column":44}},"78":{"start":{"line":154,"column":12},"end":{"line":154,"column":24}},"79":{"start":{"line":159,"column":27},"end":{"line":159,"column":55}},"80":{"start":{"line":160,"column":12},"end":{"line":161,"column":50}},"81":{"start":{"line":161,"column":16},"end":{"line":161,"column":50}},"82":{"start":{"line":162,"column":12},"end":{"line":163,"column":50}},"83":{"start":{"line":163,"column":16},"end":{"line":163,"column":50}},"84":{"start":{"line":164,"column":12},"end":{"line":165,"column":48}},"85":{"start":{"line":165,"column":16},"end":{"line":165,"column":48}},"86":{"start":{"line":168,"column":27},"end":{"line":168,"column":100}},"87":{"start":{"line":168,"column":112},"end":{"line":168,"column":129}},"88":{"start":{"line":169,"column":12},"end":{"line":181,"column":null}},"89":{"start":{"line":170,"column":16},"end":{"line":171,"column":26}},"90":{"start":{"line":171,"column":20},"end":{"line":171,"column":26}},"91":{"start":{"line":172,"column":16},"end":{"line":180,"column":null}},"92":{"start":{"line":174,"column":24},"end":{"line":174,"column":60}},"93":{"start":{"line":175,"column":24},"end":{"line":175,"column":30}},"94":{"start":{"line":177,"column":24},"end":{"line":177,"column":60}},"95":{"start":{"line":178,"column":24},"end":{"line":178,"column":30}},"96":{"start":{"line":179,"column":29},"end":{"line":179,"column":48}},"97":{"start":{"line":182,"column":12},"end":{"line":182,"column":27}},"98":{"start":{"line":185,"column":12},"end":{"line":185,"column":36}},"99":{"start":{"line":188,"column":12},"end":{"line":188,"column":50}},"100":{"start":{"line":101,"column":17},"end":{"line":190,"column":null}},"101":{"start":{"line":197,"column":12},"end":{"line":197,"column":20}},"102":{"start":{"line":192,"column":8},"end":{"line":192,"column":27}},"103":{"start":{"line":198,"column":12},"end":{"line":198,"column":107}},"104":{"start":{"line":199,"column":12},"end":{"line":206,"column":null}},"105":{"start":{"line":200,"column":16},"end":{"line":202,"column":null}},"106":{"start":{"line":201,"column":20},"end":{"line":201,"column":48}},"107":{"start":{"line":203,"column":16},"end":{"line":205,"column":null}},"108":{"start":{"line":204,"column":20},"end":{"line":204,"column":44}},"109":{"start":{"line":209,"column":12},"end":{"line":209,"column":60}},"110":{"start":{"line":212,"column":12},"end":{"line":212,"column":50}},"111":{"start":{"line":215,"column":12},"end":{"line":215,"column":147}},"112":{"start":{"line":218,"column":12},"end":{"line":218,"column":65}},"113":{"start":{"line":224,"column":28},"end":{"line":224,"column":41}},"114":{"start":{"line":225,"column":12},"end":{"line":227,"column":null}},"115":{"start":{"line":226,"column":16},"end":{"line":226,"column":47}},"116":{"start":{"line":228,"column":12},"end":{"line":230,"column":null}},"117":{"start":{"line":229,"column":16},"end":{"line":229,"column":111}},"118":{"start":{"line":229,"column":55},"end":{"line":229,"column":109}},"119":{"start":{"line":231,"column":12},"end":{"line":231,"column":27}},"120":{"start":{"line":237,"column":16},"end":{"line":237,"column":18}},"121":{"start":{"line":238,"column":12},"end":{"line":240,"column":null}},"122":{"start":{"line":239,"column":16},"end":{"line":239,"column":44}},"123":{"start":{"line":241,"column":12},"end":{"line":243,"column":null}},"124":{"start":{"line":242,"column":16},"end":{"line":242,"column":110}},"125":{"start":{"line":242,"column":93},"end":{"line":242,"column":108}},"126":{"start":{"line":244,"column":12},"end":{"line":244,"column":24}},"127":{"start":{"line":249,"column":27},"end":{"line":249,"column":55}},"128":{"start":{"line":250,"column":12},"end":{"line":251,"column":52}},"129":{"start":{"line":251,"column":16},"end":{"line":251,"column":52}},"130":{"start":{"line":252,"column":12},"end":{"line":253,"column":132}},"131":{"start":{"line":253,"column":16},"end":{"line":253,"column":132}},"132":{"start":{"line":253,"column":108},"end":{"line":253,"column":130}},"133":{"start":{"line":254,"column":12},"end":{"line":255,"column":48}},"134":{"start":{"line":255,"column":16},"end":{"line":255,"column":48}},"135":{"start":{"line":258,"column":27},"end":{"line":258,"column":100}},"136":{"start":{"line":258,"column":112},"end":{"line":258,"column":123}},"137":{"start":{"line":259,"column":12},"end":{"line":271,"column":null}},"138":{"start":{"line":260,"column":16},"end":{"line":261,"column":26}},"139":{"start":{"line":261,"column":20},"end":{"line":261,"column":26}},"140":{"start":{"line":262,"column":16},"end":{"line":270,"column":null}},"141":{"start":{"line":264,"column":24},"end":{"line":264,"column":62}},"142":{"start":{"line":265,"column":24},"end":{"line":265,"column":30}},"143":{"start":{"line":267,"column":24},"end":{"line":267,"column":214}},"144":{"start":{"line":267,"column":64},"end":{"line":267,"column":212}},"145":{"start":{"line":268,"column":24},"end":{"line":268,"column":30}},"146":{"start":{"line":269,"column":29},"end":{"line":269,"column":48}},"147":{"start":{"line":272,"column":12},"end":{"line":272,"column":27}},"148":{"start":{"line":275,"column":12},"end":{"line":275,"column":36}},"149":{"start":{"line":278,"column":12},"end":{"line":278,"column":44}},"150":{"start":{"line":191,"column":17},"end":{"line":280,"column":null}},"151":{"start":{"line":287,"column":12},"end":{"line":287,"column":20}},"152":{"start":{"line":282,"column":8},"end":{"line":282,"column":27}},"153":{"start":{"line":288,"column":12},"end":{"line":288,"column":107}},"154":{"start":{"line":289,"column":12},"end":{"line":296,"column":null}},"155":{"start":{"line":290,"column":16},"end":{"line":292,"column":null}},"156":{"start":{"line":291,"column":20},"end":{"line":291,"column":48}},"157":{"start":{"line":293,"column":16},"end":{"line":295,"column":null}},"158":{"start":{"line":294,"column":20},"end":{"line":294,"column":44}},"159":{"start":{"line":299,"column":12},"end":{"line":299,"column":60}},"160":{"start":{"line":302,"column":12},"end":{"line":302,"column":50}},"161":{"start":{"line":305,"column":12},"end":{"line":305,"column":147}},"162":{"start":{"line":308,"column":12},"end":{"line":308,"column":65}},"163":{"start":{"line":314,"column":28},"end":{"line":314,"column":42}},"164":{"start":{"line":315,"column":12},"end":{"line":317,"column":null}},"165":{"start":{"line":316,"column":16},"end":{"line":316,"column":47}},"166":{"start":{"line":318,"column":12},"end":{"line":320,"column":null}},"167":{"start":{"line":319,"column":16},"end":{"line":319,"column":111}},"168":{"start":{"line":319,"column":55},"end":{"line":319,"column":109}},"169":{"start":{"line":321,"column":12},"end":{"line":321,"column":27}},"170":{"start":{"line":327,"column":16},"end":{"line":327,"column":18}},"171":{"start":{"line":328,"column":12},"end":{"line":330,"column":null}},"172":{"start":{"line":329,"column":16},"end":{"line":329,"column":44}},"173":{"start":{"line":331,"column":12},"end":{"line":333,"column":null}},"174":{"start":{"line":332,"column":16},"end":{"line":332,"column":110}},"175":{"start":{"line":332,"column":93},"end":{"line":332,"column":108}},"176":{"start":{"line":334,"column":12},"end":{"line":334,"column":24}},"177":{"start":{"line":339,"column":27},"end":{"line":339,"column":55}},"178":{"start":{"line":340,"column":12},"end":{"line":341,"column":52}},"179":{"start":{"line":341,"column":16},"end":{"line":341,"column":52}},"180":{"start":{"line":342,"column":12},"end":{"line":343,"column":132}},"181":{"start":{"line":343,"column":16},"end":{"line":343,"column":132}},"182":{"start":{"line":343,"column":108},"end":{"line":343,"column":130}},"183":{"start":{"line":344,"column":12},"end":{"line":345,"column":48}},"184":{"start":{"line":345,"column":16},"end":{"line":345,"column":48}},"185":{"start":{"line":348,"column":27},"end":{"line":348,"column":100}},"186":{"start":{"line":348,"column":112},"end":{"line":348,"column":124}},"187":{"start":{"line":349,"column":12},"end":{"line":361,"column":null}},"188":{"start":{"line":350,"column":16},"end":{"line":351,"column":26}},"189":{"start":{"line":351,"column":20},"end":{"line":351,"column":26}},"190":{"start":{"line":352,"column":16},"end":{"line":360,"column":null}},"191":{"start":{"line":354,"column":24},"end":{"line":354,"column":62}},"192":{"start":{"line":355,"column":24},"end":{"line":355,"column":30}},"193":{"start":{"line":357,"column":24},"end":{"line":357,"column":214}},"194":{"start":{"line":357,"column":64},"end":{"line":357,"column":212}},"195":{"start":{"line":358,"column":24},"end":{"line":358,"column":30}},"196":{"start":{"line":359,"column":29},"end":{"line":359,"column":48}},"197":{"start":{"line":362,"column":12},"end":{"line":362,"column":27}},"198":{"start":{"line":365,"column":12},"end":{"line":365,"column":36}},"199":{"start":{"line":368,"column":12},"end":{"line":368,"column":45}},"200":{"start":{"line":281,"column":17},"end":{"line":370,"column":null}},"201":{"start":{"line":377,"column":12},"end":{"line":377,"column":20}},"202":{"start":{"line":373,"column":8},"end":{"line":373,"column":27}},"203":{"start":{"line":378,"column":12},"end":{"line":378,"column":107}},"204":{"start":{"line":379,"column":12},"end":{"line":383,"column":null}},"205":{"start":{"line":380,"column":16},"end":{"line":382,"column":null}},"206":{"start":{"line":381,"column":20},"end":{"line":381,"column":44}},"207":{"start":{"line":386,"column":12},"end":{"line":386,"column":147}},"208":{"start":{"line":389,"column":12},"end":{"line":389,"column":65}},"209":{"start":{"line":394,"column":28},"end":{"line":394,"column":42}},"210":{"start":{"line":395,"column":12},"end":{"line":397,"column":null}},"211":{"start":{"line":396,"column":16},"end":{"line":396,"column":111}},"212":{"start":{"line":396,"column":55},"end":{"line":396,"column":109}},"213":{"start":{"line":398,"column":12},"end":{"line":398,"column":27}},"214":{"start":{"line":403,"column":16},"end":{"line":403,"column":18}},"215":{"start":{"line":404,"column":12},"end":{"line":406,"column":null}},"216":{"start":{"line":405,"column":16},"end":{"line":405,"column":110}},"217":{"start":{"line":405,"column":93},"end":{"line":405,"column":108}},"218":{"start":{"line":407,"column":12},"end":{"line":407,"column":24}},"219":{"start":{"line":412,"column":27},"end":{"line":412,"column":55}},"220":{"start":{"line":413,"column":12},"end":{"line":414,"column":132}},"221":{"start":{"line":414,"column":16},"end":{"line":414,"column":132}},"222":{"start":{"line":414,"column":108},"end":{"line":414,"column":130}},"223":{"start":{"line":415,"column":12},"end":{"line":416,"column":48}},"224":{"start":{"line":416,"column":16},"end":{"line":416,"column":48}},"225":{"start":{"line":419,"column":27},"end":{"line":419,"column":100}},"226":{"start":{"line":419,"column":112},"end":{"line":419,"column":124}},"227":{"start":{"line":420,"column":12},"end":{"line":429,"column":null}},"228":{"start":{"line":421,"column":16},"end":{"line":422,"column":26}},"229":{"start":{"line":422,"column":20},"end":{"line":422,"column":26}},"230":{"start":{"line":423,"column":16},"end":{"line":428,"column":null}},"231":{"start":{"line":425,"column":24},"end":{"line":425,"column":214}},"232":{"start":{"line":425,"column":64},"end":{"line":425,"column":212}},"233":{"start":{"line":426,"column":24},"end":{"line":426,"column":30}},"234":{"start":{"line":427,"column":29},"end":{"line":427,"column":48}},"235":{"start":{"line":430,"column":12},"end":{"line":430,"column":27}},"236":{"start":{"line":433,"column":12},"end":{"line":433,"column":36}},"237":{"start":{"line":436,"column":12},"end":{"line":436,"column":45}},"238":{"start":{"line":372,"column":17},"end":{"line":438,"column":null}},"239":{"start":{"line":446,"column":12},"end":{"line":446,"column":20}},"240":{"start":{"line":440,"column":8},"end":{"line":440,"column":27}},"241":{"start":{"line":447,"column":12},"end":{"line":447,"column":107}},"242":{"start":{"line":448,"column":12},"end":{"line":458,"column":null}},"243":{"start":{"line":449,"column":16},"end":{"line":451,"column":null}},"244":{"start":{"line":450,"column":20},"end":{"line":450,"column":44}},"245":{"start":{"line":452,"column":16},"end":{"line":454,"column":null}},"246":{"start":{"line":453,"column":20},"end":{"line":453,"column":50}},"247":{"start":{"line":455,"column":16},"end":{"line":457,"column":null}},"248":{"start":{"line":456,"column":20},"end":{"line":456,"column":48}},"249":{"start":{"line":461,"column":12},"end":{"line":461,"column":60}},"250":{"start":{"line":464,"column":12},"end":{"line":464,"column":50}},"251":{"start":{"line":467,"column":12},"end":{"line":467,"column":60}},"252":{"start":{"line":470,"column":12},"end":{"line":470,"column":50}},"253":{"start":{"line":473,"column":12},"end":{"line":473,"column":62}},"254":{"start":{"line":476,"column":12},"end":{"line":476,"column":50}},"255":{"start":{"line":483,"column":28},"end":{"line":483,"column":45}},"256":{"start":{"line":484,"column":12},"end":{"line":486,"column":null}},"257":{"start":{"line":485,"column":16},"end":{"line":485,"column":43}},"258":{"start":{"line":487,"column":12},"end":{"line":489,"column":null}},"259":{"start":{"line":488,"column":16},"end":{"line":488,"column":49}},"260":{"start":{"line":490,"column":12},"end":{"line":492,"column":null}},"261":{"start":{"line":491,"column":16},"end":{"line":491,"column":47}},"262":{"start":{"line":493,"column":12},"end":{"line":493,"column":27}},"263":{"start":{"line":500,"column":16},"end":{"line":500,"column":18}},"264":{"start":{"line":501,"column":12},"end":{"line":503,"column":null}},"265":{"start":{"line":502,"column":16},"end":{"line":502,"column":40}},"266":{"start":{"line":504,"column":12},"end":{"line":506,"column":null}},"267":{"start":{"line":505,"column":16},"end":{"line":505,"column":46}},"268":{"start":{"line":507,"column":12},"end":{"line":509,"column":null}},"269":{"start":{"line":508,"column":16},"end":{"line":508,"column":44}},"270":{"start":{"line":510,"column":12},"end":{"line":510,"column":24}},"271":{"start":{"line":515,"column":27},"end":{"line":515,"column":55}},"272":{"start":{"line":516,"column":12},"end":{"line":517,"column":50}},"273":{"start":{"line":517,"column":16},"end":{"line":517,"column":50}},"274":{"start":{"line":518,"column":12},"end":{"line":519,"column":53}},"275":{"start":{"line":519,"column":16},"end":{"line":519,"column":53}},"276":{"start":{"line":520,"column":12},"end":{"line":521,"column":60}},"277":{"start":{"line":521,"column":16},"end":{"line":521,"column":60}},"278":{"start":{"line":522,"column":12},"end":{"line":523,"column":48}},"279":{"start":{"line":523,"column":16},"end":{"line":523,"column":48}},"280":{"start":{"line":526,"column":27},"end":{"line":526,"column":100}},"281":{"start":{"line":526,"column":112},"end":{"line":526,"column":127}},"282":{"start":{"line":527,"column":12},"end":{"line":542,"column":null}},"283":{"start":{"line":528,"column":16},"end":{"line":529,"column":26}},"284":{"start":{"line":529,"column":20},"end":{"line":529,"column":26}},"285":{"start":{"line":530,"column":16},"end":{"line":541,"column":null}},"286":{"start":{"line":532,"column":24},"end":{"line":532,"column":60}},"287":{"start":{"line":533,"column":24},"end":{"line":533,"column":30}},"288":{"start":{"line":535,"column":24},"end":{"line":535,"column":63}},"289":{"start":{"line":536,"column":24},"end":{"line":536,"column":30}},"290":{"start":{"line":538,"column":24},"end":{"line":538,"column":89}},"291":{"start":{"line":539,"column":24},"end":{"line":539,"column":30}},"292":{"start":{"line":540,"column":29},"end":{"line":540,"column":48}},"293":{"start":{"line":543,"column":12},"end":{"line":543,"column":27}},"294":{"start":{"line":546,"column":12},"end":{"line":546,"column":36}},"295":{"start":{"line":549,"column":12},"end":{"line":549,"column":48}},"296":{"start":{"line":439,"column":17},"end":{"line":551,"column":null}},"297":{"start":{"line":562,"column":12},"end":{"line":562,"column":20}},"298":{"start":{"line":553,"column":8},"end":{"line":553,"column":27}},"299":{"start":{"line":563,"column":12},"end":{"line":563,"column":107}},"300":{"start":{"line":564,"column":12},"end":{"line":583,"column":null}},"301":{"start":{"line":565,"column":16},"end":{"line":567,"column":null}},"302":{"start":{"line":566,"column":20},"end":{"line":566,"column":56}},"303":{"start":{"line":568,"column":16},"end":{"line":570,"column":null}},"304":{"start":{"line":569,"column":20},"end":{"line":569,"column":56}},"305":{"start":{"line":571,"column":16},"end":{"line":573,"column":null}},"306":{"start":{"line":572,"column":20},"end":{"line":572,"column":42}},"307":{"start":{"line":574,"column":16},"end":{"line":576,"column":null}},"308":{"start":{"line":575,"column":20},"end":{"line":575,"column":48}},"309":{"start":{"line":577,"column":16},"end":{"line":579,"column":null}},"310":{"start":{"line":578,"column":20},"end":{"line":578,"column":42}},"311":{"start":{"line":580,"column":16},"end":{"line":582,"column":null}},"312":{"start":{"line":581,"column":20},"end":{"line":581,"column":46}},"313":{"start":{"line":586,"column":12},"end":{"line":586,"column":60}},"314":{"start":{"line":589,"column":12},"end":{"line":589,"column":50}},"315":{"start":{"line":592,"column":12},"end":{"line":592,"column":91}},"316":{"start":{"line":595,"column":12},"end":{"line":595,"column":65}},"317":{"start":{"line":598,"column":12},"end":{"line":598,"column":60}},"318":{"start":{"line":601,"column":12},"end":{"line":601,"column":50}},"319":{"start":{"line":604,"column":12},"end":{"line":604,"column":60}},"320":{"start":{"line":607,"column":12},"end":{"line":607,"column":50}},"321":{"start":{"line":610,"column":12},"end":{"line":610,"column":60}},"322":{"start":{"line":613,"column":12},"end":{"line":613,"column":50}},"323":{"start":{"line":616,"column":12},"end":{"line":616,"column":60}},"324":{"start":{"line":619,"column":12},"end":{"line":619,"column":50}},"325":{"start":{"line":629,"column":28},"end":{"line":629,"column":44}},"326":{"start":{"line":630,"column":12},"end":{"line":632,"column":null}},"327":{"start":{"line":631,"column":16},"end":{"line":631,"column":55}},"328":{"start":{"line":633,"column":12},"end":{"line":635,"column":null}},"329":{"start":{"line":634,"column":16},"end":{"line":634,"column":95}},"330":{"start":{"line":634,"column":67},"end":{"line":634,"column":93}},"331":{"start":{"line":636,"column":12},"end":{"line":638,"column":null}},"332":{"start":{"line":637,"column":16},"end":{"line":637,"column":41}},"333":{"start":{"line":639,"column":12},"end":{"line":641,"column":null}},"334":{"start":{"line":640,"column":16},"end":{"line":640,"column":47}},"335":{"start":{"line":642,"column":12},"end":{"line":644,"column":null}},"336":{"start":{"line":643,"column":16},"end":{"line":643,"column":41}},"337":{"start":{"line":645,"column":12},"end":{"line":647,"column":null}},"338":{"start":{"line":646,"column":16},"end":{"line":646,"column":45}},"339":{"start":{"line":648,"column":12},"end":{"line":648,"column":27}},"340":{"start":{"line":658,"column":16},"end":{"line":658,"column":18}},"341":{"start":{"line":659,"column":12},"end":{"line":661,"column":null}},"342":{"start":{"line":660,"column":16},"end":{"line":660,"column":52}},"343":{"start":{"line":662,"column":12},"end":{"line":664,"column":null}},"344":{"start":{"line":663,"column":16},"end":{"line":663,"column":94}},"345":{"start":{"line":663,"column":77},"end":{"line":663,"column":92}},"346":{"start":{"line":665,"column":12},"end":{"line":667,"column":null}},"347":{"start":{"line":666,"column":16},"end":{"line":666,"column":38}},"348":{"start":{"line":668,"column":12},"end":{"line":670,"column":null}},"349":{"start":{"line":669,"column":16},"end":{"line":669,"column":44}},"350":{"start":{"line":671,"column":12},"end":{"line":673,"column":null}},"351":{"start":{"line":672,"column":16},"end":{"line":672,"column":38}},"352":{"start":{"line":674,"column":12},"end":{"line":676,"column":null}},"353":{"start":{"line":675,"column":16},"end":{"line":675,"column":42}},"354":{"start":{"line":677,"column":12},"end":{"line":677,"column":24}},"355":{"start":{"line":682,"column":27},"end":{"line":682,"column":55}},"356":{"start":{"line":683,"column":12},"end":{"line":684,"column":56}},"357":{"start":{"line":684,"column":16},"end":{"line":684,"column":56}},"358":{"start":{"line":685,"column":12},"end":{"line":686,"column":110}},"359":{"start":{"line":686,"column":16},"end":{"line":686,"column":110}},"360":{"start":{"line":686,"column":86},"end":{"line":686,"column":108}},"361":{"start":{"line":687,"column":12},"end":{"line":688,"column":49}},"362":{"start":{"line":688,"column":16},"end":{"line":688,"column":49}},"363":{"start":{"line":689,"column":12},"end":{"line":690,"column":52}},"364":{"start":{"line":690,"column":16},"end":{"line":690,"column":52}},"365":{"start":{"line":691,"column":12},"end":{"line":692,"column":49}},"366":{"start":{"line":692,"column":16},"end":{"line":692,"column":49}},"367":{"start":{"line":693,"column":12},"end":{"line":694,"column":51}},"368":{"start":{"line":694,"column":16},"end":{"line":694,"column":51}},"369":{"start":{"line":695,"column":12},"end":{"line":696,"column":48}},"370":{"start":{"line":696,"column":16},"end":{"line":696,"column":48}},"371":{"start":{"line":699,"column":27},"end":{"line":699,"column":100}},"372":{"start":{"line":699,"column":112},"end":{"line":699,"column":126}},"373":{"start":{"line":700,"column":12},"end":{"line":724,"column":null}},"374":{"start":{"line":701,"column":16},"end":{"line":702,"column":26}},"375":{"start":{"line":702,"column":20},"end":{"line":702,"column":26}},"376":{"start":{"line":703,"column":16},"end":{"line":723,"column":null}},"377":{"start":{"line":705,"column":24},"end":{"line":705,"column":66}},"378":{"start":{"line":706,"column":24},"end":{"line":706,"column":30}},"379":{"start":{"line":708,"column":24},"end":{"line":708,"column":164}},"380":{"start":{"line":708,"column":70},"end":{"line":708,"column":162}},"381":{"start":{"line":709,"column":24},"end":{"line":709,"column":30}},"382":{"start":{"line":711,"column":24},"end":{"line":711,"column":59}},"383":{"start":{"line":712,"column":24},"end":{"line":712,"column":30}},"384":{"start":{"line":714,"column":24},"end":{"line":714,"column":62}},"385":{"start":{"line":715,"column":24},"end":{"line":715,"column":30}},"386":{"start":{"line":717,"column":24},"end":{"line":717,"column":59}},"387":{"start":{"line":718,"column":24},"end":{"line":718,"column":30}},"388":{"start":{"line":720,"column":24},"end":{"line":720,"column":61}},"389":{"start":{"line":721,"column":24},"end":{"line":721,"column":30}},"390":{"start":{"line":722,"column":29},"end":{"line":722,"column":48}},"391":{"start":{"line":725,"column":12},"end":{"line":725,"column":27}},"392":{"start":{"line":728,"column":12},"end":{"line":728,"column":36}},"393":{"start":{"line":731,"column":12},"end":{"line":731,"column":47}},"394":{"start":{"line":552,"column":17},"end":{"line":733,"column":null}}},"fnMap":{"0":{"name":"(anonymous_7)","decl":{"start":{"line":10,"column":0},"end":{"line":10,"column":17}},"loc":{"start":{"line":10,"column":23},"end":{"line":734,"column":1}}},"1":{"name":"(anonymous_8)","decl":{"start":{"line":10,"column":24},"end":{"line":10,"column":28}},"loc":{"start":{"line":10,"column":28},"end":{"line":734,"column":1}}},"2":{"name":"(anonymous_9)","decl":{"start":{"line":10,"column":29},"end":{"line":10,"column":36}},"loc":{"start":{"line":10,"column":36},"end":{"line":734,"column":1}}},"3":{"name":"(anonymous_10)","decl":{"start":{"line":13,"column":8},"end":{"line":13,"column":20}},"loc":{"start":{"line":16,"column":9},"end":{"line":27,"column":9}}},"4":{"name":"(anonymous_11)","decl":{"start":{"line":28,"column":8},"end":{"line":28,"column":12}},"loc":{"start":{"line":28,"column":24},"end":{"line":30,"column":9}}},"5":{"name":"(anonymous_12)","decl":{"start":{"line":31,"column":8},"end":{"line":31,"column":12}},"loc":{"start":{"line":31,"column":45},"end":{"line":33,"column":9}}},"6":{"name":"(anonymous_13)","decl":{"start":{"line":34,"column":8},"end":{"line":34,"column":12}},"loc":{"start":{"line":34,"column":32},"end":{"line":36,"column":9}}},"7":{"name":"(anonymous_14)","decl":{"start":{"line":37,"column":8},"end":{"line":37,"column":12}},"loc":{"start":{"line":37,"column":47},"end":{"line":39,"column":9}}},"8":{"name":"(anonymous_15)","decl":{"start":{"line":40,"column":8},"end":{"line":40,"column":14}},"loc":{"start":{"line":43,"column":9},"end":{"line":52,"column":9}}},"9":{"name":"(anonymous_16)","decl":{"start":{"line":46,"column":61},"end":{"line":46,"column":65}},"loc":{"start":{"line":46,"column":69},"end":{"line":46,"column":97}}},"10":{"name":"(anonymous_17)","decl":{"start":{"line":53,"column":8},"end":{"line":53,"column":16}},"loc":{"start":{"line":53,"column":16},"end":{"line":65,"column":9}}},"11":{"name":"(anonymous_18)","decl":{"start":{"line":59,"column":58},"end":{"line":59,"column":59}},"loc":{"start":{"line":59,"column":81},"end":{"line":59,"column":96}}},"12":{"name":"(anonymous_19)","decl":{"start":{"line":68,"column":8},"end":{"line":68,"column":17}},"loc":{"start":{"line":68,"column":39},"end":{"line":76,"column":9}}},"13":{"name":"(anonymous_20)","decl":{"start":{"line":71,"column":66},"end":{"line":71,"column":67}},"loc":{"start":{"line":71,"column":89},"end":{"line":71,"column":111}}},"14":{"name":"(anonymous_21)","decl":{"start":{"line":77,"column":8},"end":{"line":77,"column":14}},"loc":{"start":{"line":77,"column":64},"end":{"line":93,"column":9}}},"15":{"name":"(anonymous_22)","decl":{"start":{"line":84,"column":65},"end":{"line":84,"column":68}},"loc":{"start":{"line":84,"column":71},"end":{"line":84,"column":167}}},"16":{"name":"(anonymous_23)","decl":{"start":{"line":94,"column":8},"end":{"line":94,"column":23}},"loc":{"start":{"line":94,"column":23},"end":{"line":96,"column":9}}},"17":{"name":"(anonymous_24)","decl":{"start":{"line":97,"column":8},"end":{"line":97,"column":14}},"loc":{"start":{"line":97,"column":50},"end":{"line":99,"column":9}}},"18":{"name":"(anonymous_25)","decl":{"start":{"line":103,"column":8},"end":{"line":103,"column":20}},"loc":{"start":{"line":106,"column":9},"end":{"line":117,"column":9}}},"19":{"name":"(anonymous_26)","decl":{"start":{"line":118,"column":8},"end":{"line":118,"column":12}},"loc":{"start":{"line":118,"column":17},"end":{"line":120,"column":9}}},"20":{"name":"(anonymous_27)","decl":{"start":{"line":121,"column":8},"end":{"line":121,"column":12}},"loc":{"start":{"line":121,"column":31},"end":{"line":123,"column":9}}},"21":{"name":"(anonymous_28)","decl":{"start":{"line":124,"column":8},"end":{"line":124,"column":12}},"loc":{"start":{"line":124,"column":19},"end":{"line":126,"column":9}}},"22":{"name":"(anonymous_29)","decl":{"start":{"line":127,"column":8},"end":{"line":127,"column":12}},"loc":{"start":{"line":127,"column":34},"end":{"line":129,"column":9}}},"23":{"name":"(anonymous_30)","decl":{"start":{"line":130,"column":8},"end":{"line":130,"column":14}},"loc":{"start":{"line":133,"column":9},"end":{"line":142,"column":9}}},"24":{"name":"(anonymous_31)","decl":{"start":{"line":143,"column":8},"end":{"line":143,"column":16}},"loc":{"start":{"line":143,"column":16},"end":{"line":155,"column":9}}},"25":{"name":"(anonymous_32)","decl":{"start":{"line":158,"column":8},"end":{"line":158,"column":17}},"loc":{"start":{"line":158,"column":39},"end":{"line":166,"column":9}}},"26":{"name":"(anonymous_33)","decl":{"start":{"line":167,"column":8},"end":{"line":167,"column":14}},"loc":{"start":{"line":167,"column":64},"end":{"line":183,"column":9}}},"27":{"name":"(anonymous_34)","decl":{"start":{"line":184,"column":8},"end":{"line":184,"column":23}},"loc":{"start":{"line":184,"column":23},"end":{"line":186,"column":9}}},"28":{"name":"(anonymous_35)","decl":{"start":{"line":187,"column":8},"end":{"line":187,"column":14}},"loc":{"start":{"line":187,"column":50},"end":{"line":189,"column":9}}},"29":{"name":"(anonymous_36)","decl":{"start":{"line":193,"column":8},"end":{"line":193,"column":20}},"loc":{"start":{"line":196,"column":9},"end":{"line":207,"column":9}}},"30":{"name":"(anonymous_37)","decl":{"start":{"line":208,"column":8},"end":{"line":208,"column":12}},"loc":{"start":{"line":208,"column":19},"end":{"line":210,"column":9}}},"31":{"name":"(anonymous_38)","decl":{"start":{"line":211,"column":8},"end":{"line":211,"column":12}},"loc":{"start":{"line":211,"column":33},"end":{"line":213,"column":9}}},"32":{"name":"(anonymous_39)","decl":{"start":{"line":214,"column":8},"end":{"line":214,"column":12}},"loc":{"start":{"line":214,"column":17},"end":{"line":216,"column":9}}},"33":{"name":"(anonymous_40)","decl":{"start":{"line":217,"column":8},"end":{"line":217,"column":12}},"loc":{"start":{"line":217,"column":64},"end":{"line":219,"column":9}}},"34":{"name":"(anonymous_41)","decl":{"start":{"line":220,"column":8},"end":{"line":220,"column":14}},"loc":{"start":{"line":223,"column":9},"end":{"line":232,"column":9}}},"35":{"name":"(anonymous_42)","decl":{"start":{"line":229,"column":47},"end":{"line":229,"column":51}},"loc":{"start":{"line":229,"column":55},"end":{"line":229,"column":109}}},"36":{"name":"(anonymous_43)","decl":{"start":{"line":233,"column":8},"end":{"line":233,"column":16}},"loc":{"start":{"line":233,"column":16},"end":{"line":245,"column":9}}},"37":{"name":"(anonymous_44)","decl":{"start":{"line":242,"column":44},"end":{"line":242,"column":45}},"loc":{"start":{"line":242,"column":93},"end":{"line":242,"column":108}}},"38":{"name":"(anonymous_45)","decl":{"start":{"line":248,"column":8},"end":{"line":248,"column":17}},"loc":{"start":{"line":248,"column":39},"end":{"line":256,"column":9}}},"39":{"name":"(anonymous_46)","decl":{"start":{"line":253,"column":59},"end":{"line":253,"column":60}},"loc":{"start":{"line":253,"column":108},"end":{"line":253,"column":130}}},"40":{"name":"(anonymous_47)","decl":{"start":{"line":257,"column":8},"end":{"line":257,"column":14}},"loc":{"start":{"line":257,"column":64},"end":{"line":273,"column":9}}},"41":{"name":"(anonymous_48)","decl":{"start":{"line":267,"column":58},"end":{"line":267,"column":61}},"loc":{"start":{"line":267,"column":64},"end":{"line":267,"column":212}}},"42":{"name":"(anonymous_49)","decl":{"start":{"line":274,"column":8},"end":{"line":274,"column":23}},"loc":{"start":{"line":274,"column":23},"end":{"line":276,"column":9}}},"43":{"name":"(anonymous_50)","decl":{"start":{"line":277,"column":8},"end":{"line":277,"column":14}},"loc":{"start":{"line":277,"column":50},"end":{"line":279,"column":9}}},"44":{"name":"(anonymous_51)","decl":{"start":{"line":283,"column":8},"end":{"line":283,"column":20}},"loc":{"start":{"line":286,"column":9},"end":{"line":297,"column":9}}},"45":{"name":"(anonymous_52)","decl":{"start":{"line":298,"column":8},"end":{"line":298,"column":12}},"loc":{"start":{"line":298,"column":19},"end":{"line":300,"column":9}}},"46":{"name":"(anonymous_53)","decl":{"start":{"line":301,"column":8},"end":{"line":301,"column":12}},"loc":{"start":{"line":301,"column":33},"end":{"line":303,"column":9}}},"47":{"name":"(anonymous_54)","decl":{"start":{"line":304,"column":8},"end":{"line":304,"column":12}},"loc":{"start":{"line":304,"column":17},"end":{"line":306,"column":9}}},"48":{"name":"(anonymous_55)","decl":{"start":{"line":307,"column":8},"end":{"line":307,"column":12}},"loc":{"start":{"line":307,"column":64},"end":{"line":309,"column":9}}},"49":{"name":"(anonymous_56)","decl":{"start":{"line":310,"column":8},"end":{"line":310,"column":14}},"loc":{"start":{"line":313,"column":9},"end":{"line":322,"column":9}}},"50":{"name":"(anonymous_57)","decl":{"start":{"line":319,"column":47},"end":{"line":319,"column":51}},"loc":{"start":{"line":319,"column":55},"end":{"line":319,"column":109}}},"51":{"name":"(anonymous_58)","decl":{"start":{"line":323,"column":8},"end":{"line":323,"column":16}},"loc":{"start":{"line":323,"column":16},"end":{"line":335,"column":9}}},"52":{"name":"(anonymous_59)","decl":{"start":{"line":332,"column":44},"end":{"line":332,"column":45}},"loc":{"start":{"line":332,"column":93},"end":{"line":332,"column":108}}},"53":{"name":"(anonymous_60)","decl":{"start":{"line":338,"column":8},"end":{"line":338,"column":17}},"loc":{"start":{"line":338,"column":39},"end":{"line":346,"column":9}}},"54":{"name":"(anonymous_61)","decl":{"start":{"line":343,"column":59},"end":{"line":343,"column":60}},"loc":{"start":{"line":343,"column":108},"end":{"line":343,"column":130}}},"55":{"name":"(anonymous_62)","decl":{"start":{"line":347,"column":8},"end":{"line":347,"column":14}},"loc":{"start":{"line":347,"column":64},"end":{"line":363,"column":9}}},"56":{"name":"(anonymous_63)","decl":{"start":{"line":357,"column":58},"end":{"line":357,"column":61}},"loc":{"start":{"line":357,"column":64},"end":{"line":357,"column":212}}},"57":{"name":"(anonymous_64)","decl":{"start":{"line":364,"column":8},"end":{"line":364,"column":23}},"loc":{"start":{"line":364,"column":23},"end":{"line":366,"column":9}}},"58":{"name":"(anonymous_65)","decl":{"start":{"line":367,"column":8},"end":{"line":367,"column":14}},"loc":{"start":{"line":367,"column":50},"end":{"line":369,"column":9}}},"59":{"name":"(anonymous_66)","decl":{"start":{"line":374,"column":8},"end":{"line":374,"column":20}},"loc":{"start":{"line":376,"column":9},"end":{"line":384,"column":9}}},"60":{"name":"(anonymous_67)","decl":{"start":{"line":385,"column":8},"end":{"line":385,"column":12}},"loc":{"start":{"line":385,"column":17},"end":{"line":387,"column":9}}},"61":{"name":"(anonymous_68)","decl":{"start":{"line":388,"column":8},"end":{"line":388,"column":12}},"loc":{"start":{"line":388,"column":64},"end":{"line":390,"column":9}}},"62":{"name":"(anonymous_69)","decl":{"start":{"line":391,"column":8},"end":{"line":391,"column":14}},"loc":{"start":{"line":393,"column":9},"end":{"line":399,"column":9}}},"63":{"name":"(anonymous_70)","decl":{"start":{"line":396,"column":47},"end":{"line":396,"column":51}},"loc":{"start":{"line":396,"column":55},"end":{"line":396,"column":109}}},"64":{"name":"(anonymous_71)","decl":{"start":{"line":400,"column":8},"end":{"line":400,"column":16}},"loc":{"start":{"line":400,"column":16},"end":{"line":408,"column":9}}},"65":{"name":"(anonymous_72)","decl":{"start":{"line":405,"column":44},"end":{"line":405,"column":45}},"loc":{"start":{"line":405,"column":93},"end":{"line":405,"column":108}}},"66":{"name":"(anonymous_73)","decl":{"start":{"line":411,"column":8},"end":{"line":411,"column":17}},"loc":{"start":{"line":411,"column":39},"end":{"line":417,"column":9}}},"67":{"name":"(anonymous_74)","decl":{"start":{"line":414,"column":59},"end":{"line":414,"column":60}},"loc":{"start":{"line":414,"column":108},"end":{"line":414,"column":130}}},"68":{"name":"(anonymous_75)","decl":{"start":{"line":418,"column":8},"end":{"line":418,"column":14}},"loc":{"start":{"line":418,"column":64},"end":{"line":431,"column":9}}},"69":{"name":"(anonymous_76)","decl":{"start":{"line":425,"column":58},"end":{"line":425,"column":61}},"loc":{"start":{"line":425,"column":64},"end":{"line":425,"column":212}}},"70":{"name":"(anonymous_77)","decl":{"start":{"line":432,"column":8},"end":{"line":432,"column":23}},"loc":{"start":{"line":432,"column":23},"end":{"line":434,"column":9}}},"71":{"name":"(anonymous_78)","decl":{"start":{"line":435,"column":8},"end":{"line":435,"column":14}},"loc":{"start":{"line":435,"column":50},"end":{"line":437,"column":9}}},"72":{"name":"(anonymous_79)","decl":{"start":{"line":441,"column":8},"end":{"line":441,"column":20}},"loc":{"start":{"line":445,"column":9},"end":{"line":459,"column":9}}},"73":{"name":"(anonymous_80)","decl":{"start":{"line":460,"column":8},"end":{"line":460,"column":12}},"loc":{"start":{"line":460,"column":17},"end":{"line":462,"column":9}}},"74":{"name":"(anonymous_81)","decl":{"start":{"line":463,"column":8},"end":{"line":463,"column":12}},"loc":{"start":{"line":463,"column":31},"end":{"line":465,"column":9}}},"75":{"name":"(anonymous_82)","decl":{"start":{"line":466,"column":8},"end":{"line":466,"column":12}},"loc":{"start":{"line":466,"column":20},"end":{"line":468,"column":9}}},"76":{"name":"(anonymous_83)","decl":{"start":{"line":469,"column":8},"end":{"line":469,"column":12}},"loc":{"start":{"line":469,"column":34},"end":{"line":471,"column":9}}},"77":{"name":"(anonymous_84)","decl":{"start":{"line":472,"column":8},"end":{"line":472,"column":12}},"loc":{"start":{"line":472,"column":19},"end":{"line":474,"column":9}}},"78":{"name":"(anonymous_85)","decl":{"start":{"line":475,"column":8},"end":{"line":475,"column":12}},"loc":{"start":{"line":475,"column":35},"end":{"line":477,"column":9}}},"79":{"name":"(anonymous_86)","decl":{"start":{"line":478,"column":8},"end":{"line":478,"column":14}},"loc":{"start":{"line":482,"column":9},"end":{"line":494,"column":9}}},"80":{"name":"(anonymous_87)","decl":{"start":{"line":495,"column":8},"end":{"line":495,"column":16}},"loc":{"start":{"line":495,"column":16},"end":{"line":511,"column":9}}},"81":{"name":"(anonymous_88)","decl":{"start":{"line":514,"column":8},"end":{"line":514,"column":17}},"loc":{"start":{"line":514,"column":39},"end":{"line":524,"column":9}}},"82":{"name":"(anonymous_89)","decl":{"start":{"line":525,"column":8},"end":{"line":525,"column":14}},"loc":{"start":{"line":525,"column":64},"end":{"line":544,"column":9}}},"83":{"name":"(anonymous_90)","decl":{"start":{"line":545,"column":8},"end":{"line":545,"column":23}},"loc":{"start":{"line":545,"column":23},"end":{"line":547,"column":9}}},"84":{"name":"(anonymous_91)","decl":{"start":{"line":548,"column":8},"end":{"line":548,"column":14}},"loc":{"start":{"line":548,"column":50},"end":{"line":550,"column":9}}},"85":{"name":"(anonymous_92)","decl":{"start":{"line":554,"column":8},"end":{"line":554,"column":20}},"loc":{"start":{"line":561,"column":9},"end":{"line":584,"column":9}}},"86":{"name":"(anonymous_93)","decl":{"start":{"line":585,"column":8},"end":{"line":585,"column":12}},"loc":{"start":{"line":585,"column":23},"end":{"line":587,"column":9}}},"87":{"name":"(anonymous_94)","decl":{"start":{"line":588,"column":8},"end":{"line":588,"column":12}},"loc":{"start":{"line":588,"column":37},"end":{"line":590,"column":9}}},"88":{"name":"(anonymous_95)","decl":{"start":{"line":591,"column":8},"end":{"line":591,"column":12}},"loc":{"start":{"line":591,"column":23},"end":{"line":593,"column":9}}},"89":{"name":"(anonymous_96)","decl":{"start":{"line":594,"column":8},"end":{"line":594,"column":12}},"loc":{"start":{"line":594,"column":42},"end":{"line":596,"column":9}}},"90":{"name":"(anonymous_97)","decl":{"start":{"line":597,"column":8},"end":{"line":597,"column":12}},"loc":{"start":{"line":597,"column":16},"end":{"line":599,"column":9}}},"91":{"name":"(anonymous_98)","decl":{"start":{"line":600,"column":8},"end":{"line":600,"column":12}},"loc":{"start":{"line":600,"column":30},"end":{"line":602,"column":9}}},"92":{"name":"(anonymous_99)","decl":{"start":{"line":603,"column":8},"end":{"line":603,"column":12}},"loc":{"start":{"line":603,"column":19},"end":{"line":605,"column":9}}},"93":{"name":"(anonymous_100)","decl":{"start":{"line":606,"column":8},"end":{"line":606,"column":12}},"loc":{"start":{"line":606,"column":33},"end":{"line":608,"column":9}}},"94":{"name":"(anonymous_101)","decl":{"start":{"line":609,"column":8},"end":{"line":609,"column":12}},"loc":{"start":{"line":609,"column":16},"end":{"line":611,"column":9}}},"95":{"name":"(anonymous_102)","decl":{"start":{"line":612,"column":8},"end":{"line":612,"column":12}},"loc":{"start":{"line":612,"column":30},"end":{"line":614,"column":9}}},"96":{"name":"(anonymous_103)","decl":{"start":{"line":615,"column":8},"end":{"line":615,"column":12}},"loc":{"start":{"line":615,"column":18},"end":{"line":617,"column":9}}},"97":{"name":"(anonymous_104)","decl":{"start":{"line":618,"column":8},"end":{"line":618,"column":12}},"loc":{"start":{"line":618,"column":32},"end":{"line":620,"column":9}}},"98":{"name":"(anonymous_105)","decl":{"start":{"line":621,"column":8},"end":{"line":621,"column":14}},"loc":{"start":{"line":628,"column":9},"end":{"line":649,"column":9}}},"99":{"name":"(anonymous_106)","decl":{"start":{"line":634,"column":59},"end":{"line":634,"column":63}},"loc":{"start":{"line":634,"column":67},"end":{"line":634,"column":93}}},"100":{"name":"(anonymous_107)","decl":{"start":{"line":650,"column":8},"end":{"line":650,"column":16}},"loc":{"start":{"line":650,"column":16},"end":{"line":678,"column":9}}},"101":{"name":"(anonymous_108)","decl":{"start":{"line":663,"column":56},"end":{"line":663,"column":57}},"loc":{"start":{"line":663,"column":77},"end":{"line":663,"column":92}}},"102":{"name":"(anonymous_109)","decl":{"start":{"line":681,"column":8},"end":{"line":681,"column":17}},"loc":{"start":{"line":681,"column":39},"end":{"line":697,"column":9}}},"103":{"name":"(anonymous_110)","decl":{"start":{"line":686,"column":65},"end":{"line":686,"column":66}},"loc":{"start":{"line":686,"column":86},"end":{"line":686,"column":108}}},"104":{"name":"(anonymous_111)","decl":{"start":{"line":698,"column":8},"end":{"line":698,"column":14}},"loc":{"start":{"line":698,"column":64},"end":{"line":726,"column":9}}},"105":{"name":"(anonymous_112)","decl":{"start":{"line":708,"column":64},"end":{"line":708,"column":67}},"loc":{"start":{"line":708,"column":70},"end":{"line":708,"column":162}}},"106":{"name":"(anonymous_113)","decl":{"start":{"line":727,"column":8},"end":{"line":727,"column":23}},"loc":{"start":{"line":727,"column":23},"end":{"line":729,"column":9}}},"107":{"name":"(anonymous_114)","decl":{"start":{"line":730,"column":8},"end":{"line":730,"column":14}},"loc":{"start":{"line":730,"column":50},"end":{"line":732,"column":9}}}},"branchMap":{"0":{"loc":{"start":{"line":18,"column":42},"end":{"line":18,"column":73}},"type":"cond-expr","locations":[{"start":{"line":18,"column":64},"end":{"line":18,"column":68}},{"start":{"line":18,"column":71},"end":{"line":18,"column":73}}]},"1":{"loc":{"start":{"line":19,"column":12},"end":{"line":26,"column":null}},"type":"if","locations":[{"start":{"line":19,"column":12},"end":{"line":26,"column":null}}]},"2":{"loc":{"start":{"line":19,"column":16},"end":{"line":19,"column":63}},"type":"binary-expr","locations":[{"start":{"line":19,"column":16},"end":{"line":19,"column":36}},{"start":{"line":19,"column":40},"end":{"line":19,"column":63}}]},"3":{"loc":{"start":{"line":20,"column":16},"end":{"line":22,"column":null}},"type":"if","locations":[{"start":{"line":20,"column":16},"end":{"line":22,"column":null}}]},"4":{"loc":{"start":{"line":20,"column":20},"end":{"line":20,"column":76}},"type":"binary-expr","locations":[{"start":{"line":20,"column":20},"end":{"line":20,"column":42}},{"start":{"line":20,"column":46},"end":{"line":20,"column":76}}]},"5":{"loc":{"start":{"line":23,"column":16},"end":{"line":25,"column":null}},"type":"if","locations":[{"start":{"line":23,"column":16},"end":{"line":25,"column":null}}]},"6":{"loc":{"start":{"line":23,"column":20},"end":{"line":23,"column":92}},"type":"binary-expr","locations":[{"start":{"line":23,"column":20},"end":{"line":23,"column":50}},{"start":{"line":23,"column":54},"end":{"line":23,"column":92}}]},"7":{"loc":{"start":{"line":45,"column":12},"end":{"line":47,"column":null}},"type":"if","locations":[{"start":{"line":45,"column":12},"end":{"line":47,"column":null}}]},"8":{"loc":{"start":{"line":48,"column":12},"end":{"line":50,"column":null}},"type":"if","locations":[{"start":{"line":48,"column":12},"end":{"line":50,"column":null}}]},"9":{"loc":{"start":{"line":58,"column":12},"end":{"line":60,"column":null}},"type":"if","locations":[{"start":{"line":58,"column":12},"end":{"line":60,"column":null}}]},"10":{"loc":{"start":{"line":61,"column":12},"end":{"line":63,"column":null}},"type":"if","locations":[{"start":{"line":61,"column":12},"end":{"line":63,"column":null}}]},"11":{"loc":{"start":{"line":69,"column":27},"end":{"line":69,"column":55}},"type":"binary-expr","locations":[{"start":{"line":69,"column":27},"end":{"line":69,"column":28}},{"start":{"line":69,"column":32},"end":{"line":69,"column":55}}]},"12":{"loc":{"start":{"line":70,"column":12},"end":{"line":71,"column":113}},"type":"if","locations":[{"start":{"line":70,"column":12},"end":{"line":71,"column":113}}]},"13":{"loc":{"start":{"line":72,"column":12},"end":{"line":73,"column":63}},"type":"if","locations":[{"start":{"line":72,"column":12},"end":{"line":73,"column":63}}]},"14":{"loc":{"start":{"line":74,"column":12},"end":{"line":75,"column":48}},"type":"if","locations":[{"start":{"line":74,"column":12},"end":{"line":75,"column":48}}]},"15":{"loc":{"start":{"line":78,"column":27},"end":{"line":78,"column":100}},"type":"cond-expr","locations":[{"start":{"line":78,"column":64},"end":{"line":78,"column":69}},{"start":{"line":78,"column":72},"end":{"line":78,"column":100}}]},"16":{"loc":{"start":{"line":80,"column":16},"end":{"line":81,"column":26}},"type":"if","locations":[{"start":{"line":80,"column":16},"end":{"line":81,"column":26}}]},"17":{"loc":{"start":{"line":82,"column":16},"end":{"line":90,"column":null}},"type":"switch","locations":[{"start":{"line":83,"column":20},"end":{"line":85,"column":30}},{"start":{"line":86,"column":20},"end":{"line":88,"column":30}},{"start":{"line":89,"column":20},"end":{"line":89,"column":48}}]},"18":{"loc":{"start":{"line":108,"column":42},"end":{"line":108,"column":73}},"type":"cond-expr","locations":[{"start":{"line":108,"column":64},"end":{"line":108,"column":68}},{"start":{"line":108,"column":71},"end":{"line":108,"column":73}}]},"19":{"loc":{"start":{"line":109,"column":12},"end":{"line":116,"column":null}},"type":"if","locations":[{"start":{"line":109,"column":12},"end":{"line":116,"column":null}}]},"20":{"loc":{"start":{"line":109,"column":16},"end":{"line":109,"column":63}},"type":"binary-expr","locations":[{"start":{"line":109,"column":16},"end":{"line":109,"column":36}},{"start":{"line":109,"column":40},"end":{"line":109,"column":63}}]},"21":{"loc":{"start":{"line":110,"column":16},"end":{"line":112,"column":null}},"type":"if","locations":[{"start":{"line":110,"column":16},"end":{"line":112,"column":null}}]},"22":{"loc":{"start":{"line":110,"column":20},"end":{"line":110,"column":62}},"type":"binary-expr","locations":[{"start":{"line":110,"column":20},"end":{"line":110,"column":35}},{"start":{"line":110,"column":39},"end":{"line":110,"column":62}}]},"23":{"loc":{"start":{"line":113,"column":16},"end":{"line":115,"column":null}},"type":"if","locations":[{"start":{"line":113,"column":16},"end":{"line":115,"column":null}}]},"24":{"loc":{"start":{"line":113,"column":20},"end":{"line":113,"column":66}},"type":"binary-expr","locations":[{"start":{"line":113,"column":20},"end":{"line":113,"column":37}},{"start":{"line":113,"column":41},"end":{"line":113,"column":66}}]},"25":{"loc":{"start":{"line":135,"column":12},"end":{"line":137,"column":null}},"type":"if","locations":[{"start":{"line":135,"column":12},"end":{"line":137,"column":null}}]},"26":{"loc":{"start":{"line":138,"column":12},"end":{"line":140,"column":null}},"type":"if","locations":[{"start":{"line":138,"column":12},"end":{"line":140,"column":null}}]},"27":{"loc":{"start":{"line":148,"column":12},"end":{"line":150,"column":null}},"type":"if","locations":[{"start":{"line":148,"column":12},"end":{"line":150,"column":null}}]},"28":{"loc":{"start":{"line":151,"column":12},"end":{"line":153,"column":null}},"type":"if","locations":[{"start":{"line":151,"column":12},"end":{"line":153,"column":null}}]},"29":{"loc":{"start":{"line":159,"column":27},"end":{"line":159,"column":55}},"type":"binary-expr","locations":[{"start":{"line":159,"column":27},"end":{"line":159,"column":28}},{"start":{"line":159,"column":32},"end":{"line":159,"column":55}}]},"30":{"loc":{"start":{"line":160,"column":12},"end":{"line":161,"column":50}},"type":"if","locations":[{"start":{"line":160,"column":12},"end":{"line":161,"column":50}}]},"31":{"loc":{"start":{"line":160,"column":16},"end":{"line":160,"column":67}},"type":"binary-expr","locations":[{"start":{"line":160,"column":16},"end":{"line":160,"column":46}},{"start":{"line":160,"column":50},"end":{"line":160,"column":67}}]},"32":{"loc":{"start":{"line":162,"column":12},"end":{"line":163,"column":50}},"type":"if","locations":[{"start":{"line":162,"column":12},"end":{"line":163,"column":50}}]},"33":{"loc":{"start":{"line":164,"column":12},"end":{"line":165,"column":48}},"type":"if","locations":[{"start":{"line":164,"column":12},"end":{"line":165,"column":48}}]},"34":{"loc":{"start":{"line":168,"column":27},"end":{"line":168,"column":100}},"type":"cond-expr","locations":[{"start":{"line":168,"column":64},"end":{"line":168,"column":69}},{"start":{"line":168,"column":72},"end":{"line":168,"column":100}}]},"35":{"loc":{"start":{"line":170,"column":16},"end":{"line":171,"column":26}},"type":"if","locations":[{"start":{"line":170,"column":16},"end":{"line":171,"column":26}}]},"36":{"loc":{"start":{"line":172,"column":16},"end":{"line":180,"column":null}},"type":"switch","locations":[{"start":{"line":173,"column":20},"end":{"line":175,"column":30}},{"start":{"line":176,"column":20},"end":{"line":178,"column":30}},{"start":{"line":179,"column":20},"end":{"line":179,"column":48}}]},"37":{"loc":{"start":{"line":198,"column":42},"end":{"line":198,"column":73}},"type":"cond-expr","locations":[{"start":{"line":198,"column":64},"end":{"line":198,"column":68}},{"start":{"line":198,"column":71},"end":{"line":198,"column":73}}]},"38":{"loc":{"start":{"line":199,"column":12},"end":{"line":206,"column":null}},"type":"if","locations":[{"start":{"line":199,"column":12},"end":{"line":206,"column":null}}]},"39":{"loc":{"start":{"line":199,"column":16},"end":{"line":199,"column":63}},"type":"binary-expr","locations":[{"start":{"line":199,"column":16},"end":{"line":199,"column":36}},{"start":{"line":199,"column":40},"end":{"line":199,"column":63}}]},"40":{"loc":{"start":{"line":200,"column":16},"end":{"line":202,"column":null}},"type":"if","locations":[{"start":{"line":200,"column":16},"end":{"line":202,"column":null}}]},"41":{"loc":{"start":{"line":200,"column":20},"end":{"line":200,"column":66}},"type":"binary-expr","locations":[{"start":{"line":200,"column":20},"end":{"line":200,"column":37}},{"start":{"line":200,"column":41},"end":{"line":200,"column":66}}]},"42":{"loc":{"start":{"line":203,"column":16},"end":{"line":205,"column":null}},"type":"if","locations":[{"start":{"line":203,"column":16},"end":{"line":205,"column":null}}]},"43":{"loc":{"start":{"line":203,"column":20},"end":{"line":203,"column":62}},"type":"binary-expr","locations":[{"start":{"line":203,"column":20},"end":{"line":203,"column":35}},{"start":{"line":203,"column":39},"end":{"line":203,"column":62}}]},"44":{"loc":{"start":{"line":225,"column":12},"end":{"line":227,"column":null}},"type":"if","locations":[{"start":{"line":225,"column":12},"end":{"line":227,"column":null}}]},"45":{"loc":{"start":{"line":228,"column":12},"end":{"line":230,"column":null}},"type":"if","locations":[{"start":{"line":228,"column":12},"end":{"line":230,"column":null}}]},"46":{"loc":{"start":{"line":238,"column":12},"end":{"line":240,"column":null}},"type":"if","locations":[{"start":{"line":238,"column":12},"end":{"line":240,"column":null}}]},"47":{"loc":{"start":{"line":241,"column":12},"end":{"line":243,"column":null}},"type":"if","locations":[{"start":{"line":241,"column":12},"end":{"line":243,"column":null}}]},"48":{"loc":{"start":{"line":249,"column":27},"end":{"line":249,"column":55}},"type":"binary-expr","locations":[{"start":{"line":249,"column":27},"end":{"line":249,"column":28}},{"start":{"line":249,"column":32},"end":{"line":249,"column":55}}]},"49":{"loc":{"start":{"line":250,"column":12},"end":{"line":251,"column":52}},"type":"if","locations":[{"start":{"line":250,"column":12},"end":{"line":251,"column":52}}]},"50":{"loc":{"start":{"line":250,"column":16},"end":{"line":250,"column":71}},"type":"binary-expr","locations":[{"start":{"line":250,"column":16},"end":{"line":250,"column":48}},{"start":{"line":250,"column":52},"end":{"line":250,"column":71}}]},"51":{"loc":{"start":{"line":252,"column":12},"end":{"line":253,"column":132}},"type":"if","locations":[{"start":{"line":252,"column":12},"end":{"line":253,"column":132}}]},"52":{"loc":{"start":{"line":254,"column":12},"end":{"line":255,"column":48}},"type":"if","locations":[{"start":{"line":254,"column":12},"end":{"line":255,"column":48}}]},"53":{"loc":{"start":{"line":258,"column":27},"end":{"line":258,"column":100}},"type":"cond-expr","locations":[{"start":{"line":258,"column":64},"end":{"line":258,"column":69}},{"start":{"line":258,"column":72},"end":{"line":258,"column":100}}]},"54":{"loc":{"start":{"line":260,"column":16},"end":{"line":261,"column":26}},"type":"if","locations":[{"start":{"line":260,"column":16},"end":{"line":261,"column":26}}]},"55":{"loc":{"start":{"line":262,"column":16},"end":{"line":270,"column":null}},"type":"switch","locations":[{"start":{"line":263,"column":20},"end":{"line":265,"column":30}},{"start":{"line":266,"column":20},"end":{"line":268,"column":30}},{"start":{"line":269,"column":20},"end":{"line":269,"column":48}}]},"56":{"loc":{"start":{"line":288,"column":42},"end":{"line":288,"column":73}},"type":"cond-expr","locations":[{"start":{"line":288,"column":64},"end":{"line":288,"column":68}},{"start":{"line":288,"column":71},"end":{"line":288,"column":73}}]},"57":{"loc":{"start":{"line":289,"column":12},"end":{"line":296,"column":null}},"type":"if","locations":[{"start":{"line":289,"column":12},"end":{"line":296,"column":null}}]},"58":{"loc":{"start":{"line":289,"column":16},"end":{"line":289,"column":63}},"type":"binary-expr","locations":[{"start":{"line":289,"column":16},"end":{"line":289,"column":36}},{"start":{"line":289,"column":40},"end":{"line":289,"column":63}}]},"59":{"loc":{"start":{"line":290,"column":16},"end":{"line":292,"column":null}},"type":"if","locations":[{"start":{"line":290,"column":16},"end":{"line":292,"column":null}}]},"60":{"loc":{"start":{"line":290,"column":20},"end":{"line":290,"column":66}},"type":"binary-expr","locations":[{"start":{"line":290,"column":20},"end":{"line":290,"column":37}},{"start":{"line":290,"column":41},"end":{"line":290,"column":66}}]},"61":{"loc":{"start":{"line":293,"column":16},"end":{"line":295,"column":null}},"type":"if","locations":[{"start":{"line":293,"column":16},"end":{"line":295,"column":null}}]},"62":{"loc":{"start":{"line":293,"column":20},"end":{"line":293,"column":62}},"type":"binary-expr","locations":[{"start":{"line":293,"column":20},"end":{"line":293,"column":35}},{"start":{"line":293,"column":39},"end":{"line":293,"column":62}}]},"63":{"loc":{"start":{"line":315,"column":12},"end":{"line":317,"column":null}},"type":"if","locations":[{"start":{"line":315,"column":12},"end":{"line":317,"column":null}}]},"64":{"loc":{"start":{"line":318,"column":12},"end":{"line":320,"column":null}},"type":"if","locations":[{"start":{"line":318,"column":12},"end":{"line":320,"column":null}}]},"65":{"loc":{"start":{"line":328,"column":12},"end":{"line":330,"column":null}},"type":"if","locations":[{"start":{"line":328,"column":12},"end":{"line":330,"column":null}}]},"66":{"loc":{"start":{"line":331,"column":12},"end":{"line":333,"column":null}},"type":"if","locations":[{"start":{"line":331,"column":12},"end":{"line":333,"column":null}}]},"67":{"loc":{"start":{"line":339,"column":27},"end":{"line":339,"column":55}},"type":"binary-expr","locations":[{"start":{"line":339,"column":27},"end":{"line":339,"column":28}},{"start":{"line":339,"column":32},"end":{"line":339,"column":55}}]},"68":{"loc":{"start":{"line":340,"column":12},"end":{"line":341,"column":52}},"type":"if","locations":[{"start":{"line":340,"column":12},"end":{"line":341,"column":52}}]},"69":{"loc":{"start":{"line":340,"column":16},"end":{"line":340,"column":71}},"type":"binary-expr","locations":[{"start":{"line":340,"column":16},"end":{"line":340,"column":48}},{"start":{"line":340,"column":52},"end":{"line":340,"column":71}}]},"70":{"loc":{"start":{"line":342,"column":12},"end":{"line":343,"column":132}},"type":"if","locations":[{"start":{"line":342,"column":12},"end":{"line":343,"column":132}}]},"71":{"loc":{"start":{"line":344,"column":12},"end":{"line":345,"column":48}},"type":"if","locations":[{"start":{"line":344,"column":12},"end":{"line":345,"column":48}}]},"72":{"loc":{"start":{"line":348,"column":27},"end":{"line":348,"column":100}},"type":"cond-expr","locations":[{"start":{"line":348,"column":64},
[...]
,"134":0,"135":0,"136":0,"137":0,"138":0,"139":0,"140":0},"b":{"0":[0,1],"1":[0],"2":[1,1],"3":[0],"4":[0,0],"5":[0],"6":[0,0],"7":[0],"8":[0,0],"9":[0],"10":[0,0],"11":[0],"12":[0],"13":[0],"14":[0],"15":[1],"16":[1],"17":[1],"18":[0],"19":[0,0],"20":[0],"21":[0],"22":[0],"23":[0,0],"24":[0],"25":[0,0],"26":[0],"27":[0,1],"28":[0],"29":[1,1,1,0,0],"30":[0,1],"31":[0],"32":[1,1],"33":[0],"34":[0,0],"35":[0],"36":[0,0],"37":[0],"38":[0,0],"39":[0],"40":[0,0],"41":[0],"42":[0,0],"43":[0],"44":[0,0],"45":[0],"46":[0,0],"47":[0],"48":[0,0],"49":[0],"50":[0,0],"51":[0],"52":[0],"53":[0],"54":[0],"55":[0],"56":[0],"57":[0],"58":[0],"59":[0],"60":[1],"61":[1],"62":[1],"63":[1],"64":[1],"65":[1],"66":[1],"67":[1],"68":[1],"69":[0,0],"70":[0],"71":[0],"72":[0,0],"73":[0],"74":[0],"75":[0,0],"76":[0],"77":[0,0],"78":[0],"79":[0],"80":[0],"81":[0],"82":[0],"83":[0,1],"84":[0],"85":[1,1,1,1,1,1,1,1,1,0],"86":[0,0],"87":[0],"88":[0,0],"89":[0],"90":[0,0],"91":[0],"92":[0,0],"93":[0],"94":[0,0],"95":[0],"96":[0,0],"97":[0],"98":[0,0],"99":[0],"100":[0,0],"101":[0],"102":[0,0],"103":[0],"104":[0,0],"105":[0],"106":[0,0],"107":[0],"108":[0,0],"109":[0],"110":[0,0],"111":[0],"112":[0],"113":[0],"114":[0],"115":[0],"116":[0],"117":[0],"118":[0],"119":[0],"120":[0],"121":[0],"122":[0],"123":[0],"124":[0],"125":[0],"126":[0],"127":[0],"128":[0],"129":[0],"130":[0],"131":[0],"132":[0],"133":[0,0],"134":[0],"135":[0,0],"136":[0],"137":[0],"138":[0,0],"139":[0],"140":[0],"141":[0,0],"142":[0],"143":[0,0],"144":[0],"145":[0],"146":[0],"147":[0],"148":[0],"149":[0],"150":[0,0],"151":[0],"152":[0,0,0,0,0,0,0,0,0,0,0,0],"153":[0,0],"154":[0],"155":[0,0],"156":[0],"157":[0,0],"158":[0],"159":[0,0],"160":[0],"161":[0,0],"162":[0],"163":[0,0],"164":[0],"165":[0,0],"166":[0],"167":[0,0],"168":[0],"169":[0,0],"170":[0],"171":[0,0],"172":[0],"173":[0,0],"174":[0],"175":[0,0],"176":[0],"177":[0,0],"178":[0],"179":[0,0],"180":[0],"181":[0],"182":[0],"183":[0],"184":[0],"185":[0],"186":[0],"187":[0],"188":[0],"189":[0],"190":[0],"191":[0],"192":[0],"193":[0],"194":[0],"195":[0],"196":[0],"197":[0],"198":[0],"199":[0],"200":[0],"201":[0],"202":[0],"203":[0],"204":[0,0],"205":[0],"206":[0,0],"207":[0],"208":[0],"209":[0,0],"210":[0],"211":[0,0],"212":[0],"213":[0],"214":[0,0],"215":[0],"216":[0,0],"217":[0],"218":[0],"219":[0],"220":[0],"221":[0],"222":[0],"223":[0,0],"224":[0],"225":[0,0,0,0,0,0,0,0,0,0,0,0,0],"226":[0,0],"227":[0],"228":[0,0],"229":[0,0],"230":[0],"231":[0,0],"232":[0],"233":[0],"234":[0,0],"235":[0],"236":[0,0],"237":[0],"238":[0,0],"239":[0],"240":[0,0],"241":[0],"242":[0,0],"243":[0],"244":[0,0],"245":[0],"246":[0,0],"247":[0],"248":[0],"249":[0],"250":[0],"251":[0],"252":[0],"253":[0],"254":[0],"255":[0],"256":[0],"257":[0,0],"258":[0],"259":[0,0],"260":[0],"261":[0],"262":[0],"263":[0,0],"264":[0],"265":[0],"266":[0,0],"267":[0],"268":[0,0,0,0,0,0],"269":[1,1],"270":[1,1],"271":[1,1]}}
,"/Users/lap02385/Documents/GitHub/astrajs/packages/proto/src/proto/google/protobuf/any.ts": {"path":"/Users/lap02385/Documents/GitHub/astrajs/packages/proto/src/proto/google/protobuf/any.ts","statementMap":{"0":{"start":{"line":8,"column":0},"end":{"line":8,"column":40}},"1":{"start":{"line":9,"column":0},"end":{"line":9,"column":24}},"2":{"start":{"line":9,"column":24},"end":{"line":9,"column":null}},"3":{"start":{"line":16,"column":12},"end":{"line":16,"column":20}},"4":{"start":{"line":11,"column":8},"end":{"line":11,"column":27}},"5":{"start":{"line":17,"column":12},"end":{"line":17,"column":106}},"6":{"start":{"line":18,"column":12},"end":{"line":25,"column":null}},"7":{"start":{"line":19,"column":16},"end":{"line":21,"column":null}},"8":{"start":{"line":20,"column":20},"end":{"line":20,"column":50}},"9":{"start":{"line":22,"column":16},"end":{"line":24,"column":null}},"10":{"start":{"line":23,"column":20},"end":{"line":23,"column":44}},"11":{"start":{"line":28,"column":12},"end":{"line":28,"column":60}},"12":{"start":{"line":31,"column":12},"end":{"line":31,"column":50}},"13":{"start":{"line":34,"column":12},"end":{"line":34,"column":64}},"14":{"start":{"line":37,"column":12},"end":{"line":37,"column":50}},"15":{"start":{"line":43,"column":28},"end":{"line":43,"column":39}},"16":{"start":{"line":44,"column":12},"end":{"line":46,"column":null}},"17":{"start":{"line":45,"column":16},"end":{"line":45,"column":49}},"18":{"start":{"line":47,"column":12},"end":{"line":49,"column":null}},"19":{"start":{"line":48,"column":16},"end":{"line":48,"column":43}},"20":{"start":{"line":50,"column":12},"end":{"line":50,"column":27}},"21":{"start":{"line":56,"column":16},"end":{"line":56,"column":18}},"22":{"start":{"line":57,"column":12},"end":{"line":59,"column":null}},"23":{"start":{"line":58,"column":16},"end":{"line":58,"column":46}},"24":{"start":{"line":60,"column":12},"end":{"line":62,"column":null}},"25":{"start":{"line":61,"column":16},"end":{"line":61,"column":40}},"26":{"start":{"line":63,"column":12},"end":{"line":63,"column":24}},"27":{"start":{"line":68,"column":27},"end":{"line":68,"column":55}},"28":{"start":{"line":69,"column":12},"end":{"line":70,"column":53}},"29":{"start":{"line":70,"column":16},"end":{"line":70,"column":53}},"30":{"start":{"line":71,"column":12},"end":{"line":72,"column":49}},"31":{"start":{"line":72,"column":16},"end":{"line":72,"column":49}},"32":{"start":{"line":73,"column":12},"end":{"line":74,"column":48}},"33":{"start":{"line":74,"column":16},"end":{"line":74,"column":48}},"34":{"start":{"line":77,"column":27},"end":{"line":77,"column":100}},"35":{"start":{"line":77,"column":112},"end":{"line":77,"column":121}},"36":{"start":{"line":78,"column":12},"end":{"line":90,"column":null}},"37":{"start":{"line":79,"column":16},"end":{"line":80,"column":26}},"38":{"start":{"line":80,"column":20},"end":{"line":80,"column":26}},"39":{"start":{"line":81,"column":16},"end":{"line":89,"column":null}},"40":{"start":{"line":83,"column":24},"end":{"line":83,"column":63}},"41":{"start":{"line":84,"column":24},"end":{"line":84,"column":30}},"42":{"start":{"line":86,"column":24},"end":{"line":86,"column":59}},"43":{"start":{"line":87,"column":24},"end":{"line":87,"column":30}},"44":{"start":{"line":88,"column":29},"end":{"line":88,"column":48}},"45":{"start":{"line":91,"column":12},"end":{"line":91,"column":27}},"46":{"start":{"line":94,"column":12},"end":{"line":94,"column":36}},"47":{"start":{"line":97,"column":12},"end":{"line":97,"column":42}},"48":{"start":{"line":10,"column":17},"end":{"line":99,"column":null}}},"fnMap":{"0":{"name":"(anonymous_7)","decl":{"start":{"line":9,"column":0},"end":{"line":9,"column":17}},"loc":{"start":{"line":9,"column":23},"end":{"line":100,"column":1}}},"1":{"name":"(anonymous_8)","decl":{"start":{"line":9,"column":24},"end":{"line":9,"column":32}},"loc":{"start":{"line":9,"column":32},"end":{"line":100,"column":1}}},"2":{"name":"(anonymous_9)","decl":{"start":{"line":12,"column":8},"end":{"line":12,"column":20}},"loc":{"start":{"line":15,"column":9},"end":{"line":26,"column":9}}},"3":{"name":"(anonymous_10)","decl":{"start":{"line":27,"column":8},"end":{"line":27,"column":12}},"loc":{"start":{"line":27,"column":20},"end":{"line":29,"column":9}}},"4":{"name":"(anonymous_11)","decl":{"start":{"line":30,"column":8},"end":{"line":30,"column":12}},"loc":{"start":{"line":30,"column":34},"end":{"line":32,"column":9}}},"5":{"name":"(anonymous_12)","decl":{"start":{"line":33,"column":8},"end":{"line":33,"column":12}},"loc":{"start":{"line":33,"column":17},"end":{"line":35,"column":9}}},"6":{"name":"(anonymous_13)","decl":{"start":{"line":36,"column":8},"end":{"line":36,"column":12}},"loc":{"start":{"line":36,"column":35},"end":{"line":38,"column":9}}},"7":{"name":"(anonymous_14)","decl":{"start":{"line":39,"column":8},"end":{"line":39,"column":14}},"loc":{"start":{"line":42,"column":9},"end":{"line":51,"column":9}}},"8":{"name":"(anonymous_15)","decl":{"start":{"line":52,"column":8},"end":{"line":52,"column":16}},"loc":{"start":{"line":52,"column":16},"end":{"line":64,"column":9}}},"9":{"name":"(anonymous_16)","decl":{"start":{"line":67,"column":8},"end":{"line":67,"column":17}},"loc":{"start":{"line":67,"column":39},"end":{"line":75,"column":9}}},"10":{"name":"(anonymous_17)","decl":{"start":{"line":76,"column":8},"end":{"line":76,"column":14}},"loc":{"start":{"line":76,"column":64},"end":{"line":92,"column":9}}},"11":{"name":"(anonymous_18)","decl":{"start":{"line":93,"column":8},"end":{"line":93,"column":23}},"loc":{"start":{"line":93,"column":23},"end":{"line":95,"column":9}}},"12":{"name":"(anonymous_19)","decl":{"start":{"line":96,"column":8},"end":{"line":96,"column":14}},"loc":{"start":{"line":96,"column":50},"end":{"line":98,"column":9}}}},"branchMap":{"0":{"loc":{"start":{"line":17,"column":42},"end":{"line":17,"column":73}},"type":"cond-expr","locations":[{"start":{"line":17,"column":64},"end":{"line":17,"column":68}},{"start":{"line":17,"column":71},"end":{"line":17,"column":73}}]},"1":{"loc":{"start":{"line":18,"column":12},"end":{"line":25,"column":null}},"type":"if","locations":[{"start":{"line":18,"column":12},"end":{"line":25,"column":null}}]},"2":{"loc":{"start":{"line":18,"column":16},"end":{"line":18,"column":63}},"type":"binary-expr","locations":[{"start":{"line":18,"column":16},"end":{"line":18,"column":36}},{"start":{"line":18,"column":40},"end":{"line":18,"column":63}}]},"3":{"loc":{"start":{"line":19,"column":16},"end":{"line":21,"column":null}},"type":"if","locations":[{"start":{"line":19,"column":16},"end":{"line":21,"column":null}}]},"4":{"loc":{"start":{"line":19,"column":20},"end":{"line":19,"column":68}},"type":"binary-expr","locations":[{"start":{"line":19,"column":20},"end":{"line":19,"column":38}},{"start":{"line":19,"column":42},"end":{"line":19,"column":68}}]},"5":{"loc":{"start":{"line":22,"column":16},"end":{"line":24,"column":null}},"type":"if","locations":[{"start":{"line":22,"column":16},"end":{"line":24,"column":null}}]},"6":{"loc":{"start":{"line":22,"column":20},"end":{"line":22,"column":62}},"type":"binary-expr","locations":[{"start":{"line":22,"column":20},"end":{"line":22,"column":35}},{"start":{"line":22,"column":39},"end":{"line":22,"column":62}}]},"7":{"loc":{"start":{"line":44,"column":12},"end":{"line":46,"column":null}},"type":"if","locations":[{"start":{"line":44,"column":12},"end":{"line":46,"column":null}}]},"8":{"loc":{"start":{"line":47,"column":12},"end":{"line":49,"column":null}},"type":"if","locations":[{"start":{"line":47,"column":12},"end":{"line":49,"column":null}}]},"9":{"loc":{"start":{"line":57,"column":12},"end":{"line":59,"column":null}},"type":"if","locations":[{"start":{"line":57,"column":12},"end":{"line":59,"column":null}}]},"10":{"loc":{"start":{"line":60,"column":12},"end":{"line":62,"column":null}},"type":"if","locations":[{"start":{"line":60,"column":12},"end":{"line":62,"column":null}}]},"11":{"loc":{"start":{"line":68,"column":27},"end":{"line":68,"column":55}},"type":"binary-expr","locations":[{"start":{"line":68,"column":27},"end":{"line":68,"column":28}},{"start":{"line":68,"column":32},"end":{"line":68,"column":55}}]},"12":{"loc":{"start":{"line":69,"column":12},"end":{"line":70,"column":53}},"type":"if","locations":[{"start":{"line":69,"column":12},"end":{"line":70,"column":53}}]},"13":{"loc":{"start":{"line":69,"column":16},"end":{"line":69,"column":73}},"type":"binary-expr","locations":[{"start":{"line":69,"column":16},"end":{"line":69,"column":49}},{"start":{"line":69,"column":53},"end":{"line":69,"column":73}}]},"14":{"loc":{"start":{"line":71,"column":12},"end":{"line":72,"column":49}},"type":"if","locations":[{"start":{"line":71,"column":12},"end":{"line":72,"column":49}}]},"15":{"loc":{"start":{"line":73,"column":12},"end":{"line":74,"column":48}},"type":"if","locations":[{"start":{"line":73,"column":12},"end":{"line":74,"column":48}}]},"16":{"loc":{"start":{"line":77,"column":27},"end":{"line":77,"column":100}},"type":"cond-expr","locations":[{"start":{"line":77,"column":64},"end":{"line":77,"column":69}},{"start":{"line":77,"column":72},"end":{"line":77,"column":100}}]},"17":{"loc":{"start":{"line":79,"column":16},"end":{"line":80,"column":26}},"type":"if","locations":[{"start":{"line":79,"column":16},"end":{"line":80,"column":26}}]},"18":{"loc":{"start":{"line":81,"column":16},"end":{"line":89,"column":null}},"type":"switch","locations":[{"start":{"line":82,"column":20},"end":{"line":84,"column":30}},{"start":{"line":85,"column":20},"end":{"line":87,"column":30}},{"start":{"line":88,"column":20},"end":{"line":88,"column":48}}]},"19":{"loc":{"start":{"line":9,"column":24},"end":{"line":9,"column":null}},"type":"binary-expr","locations":[{"start":{"line":9,"column":24},"end":{"line":9,"column":32}},{"start":{"line":9,"column":24},"end":{"line":9,"column":null}}]},"20":{"loc":{"start":{"line":9,"column":17},"end":{"line":9,"column":24}},"type":"binary-expr","locations":[{"start":{"line":9,"column":17},"end":{"line":9,"column":23}},{"start":{"line":9,"column":17},"end":{"line":9,"column":24}}]}},"s":{"0":4,"1":4,"2":4,"3":11,"4":11,"5":11,"6":11,"7":8,"8":8,"9":8,"10":8,"11":39,"12":11,"13":30,"14":10,"15":0,"16":0,"17":0,"18":0,"19":0,"20":0,"21":4,"22":4,"23":4,"24":4,"25":4,"26":4,"27":10,"28":10,"29":10,"30":10,"31":10,"32":10,"33":0,"34":3,"35":3,"36":3,"37":5,"38":0,"39":5,"40":3,"41":3,"42":2,"43":2,"44":0,"45":3,"46":0,"47":0,"48":4},"f":{"0":4,"1":4,"2":11,"3":39,"4":11,"5":30,"6":10,"7":0,"8":4,"9":10,"10":3,"11":0,"12":0},"b":{"0":[0,11],"1":[8],"2":[11,11],"3":[8],"4":[8,8],"5":[8],"6":[8,8],"7":[0],"8":[0],"9":[4],"10":[4],"11":[10,0],"12":[10],"13":[10,10],"14":[10],"15":[0],"16":[3,0],"17":[0],"18":[3,2,0],"19":[4,4],"20":[4,4]}}
,"/Users/lap02385/Documents/GitHub/astrajs/packages/proto/src/transaction/transaction.ts": {"path":"/Users/lap02385/Documents/GitHub/astrajs/packages/proto/src/transaction/transaction.ts","statementMap":{"0":{"start":{"line":1,"column":0},"end":{"line":1,"column":29}},"1":{"start":{"line":2,"column":0},"end":{"line":2,"column":51}},"2":{"start":{"line":3,"column":0},"end":{"line":3,"column":69}},"3":{"start":{"line":4,"column":0},"end":{"line":4,"column":57}},"4":{"start":{"line":5,"column":0},"end":{"line":5,"column":69}},"5":{"start":{"line":6,"column":0},"end":{"line":6,"column":61}},"6":{"start":{"line":8,"column":0},"end":{"line":8,"column":70}},"7":{"start":{"line":10,"column":13},"end":{"line":11,"column":null}},"8":{"start":{"line":12,"column":13},"end":{"line":13,"column":null}},"9":{"start":{"line":15,"column":0},"end":{"line":15,"column":null}},"10":{"start":{"line":18,"column":16},"end":{"line":18,"column":null}},"11":{"start":{"line":23,"column":25},"end":{"line":23,"column":27}},"12":{"start":{"line":25,"column":2},"end":{"line":27,"column":null}},"13":{"start":{"line":26,"column":4},"end":{"line":26,"column":null}},"14":{"start":{"line":29,"column":2},"end":{"line":32,"column":null}},"15":{"start":{"line":22,"column":0},"end":{"line":22,"column":16}},"16":{"start":{"line":36,"column":2},"end":{"line":36,"column":null}},"17":{"start":{"line":35,"column":0},"end":{"line":35,"column":16}},"18":{"start":{"line":40,"column":2},"end":{"line":48,"column":null}},"19":{"start":{"line":39,"column":0},"end":{"line":39,"column":16}},"20":{"start":{"line":60,"column":2},"end":{"line":75,"column":null}},"21":{"start":{"line":61,"column":4},"end":{"line":66,"column":null}},"22":{"start":{"line":69,"column":4},"end":{"line":74,"column":null}},"23":{"start":{"line":77,"column":21},"end":{"line":85,"column":4}},"24":{"start":{"line":87,"column":2},"end":{"line":87,"column":null}},"25":{"start":{"line":51,"column":0},"end":{"line":51,"column":16}},"26":{"start":{"line":94,"column":2},"end":{"line":97,"column":null}},"27":{"start":{"line":90,"column":0},"end":{"line":90,"column":16}},"28":{"start":{"line":106,"column":2},"end":{"line":111,"column":null}},"29":{"start":{"line":100,"column":0},"end":{"line":100,"column":16}},"30":{"start":{"line":127,"column":15},"end":{"line":127,"column":61}},"31":{"start":{"line":128,"column":21},"end":{"line":128,"column":52}},"32":{"start":{"line":129,"column":24},"end":{"line":129,"column":53}},"33":{"start":{"line":132,"column":24},"end":{"line":136,"column":null}},"34":{"start":{"line":139,"column":24},"end":{"line":139,"column":65}},"35":{"start":{"line":141,"column":23},"end":{"line":145,"column":null}},"36":{"start":{"line":148,"column":20},"end":{"line":148,"column":35}},"37":{"start":{"line":149,"column":2},"end":{"line":149,"column":null}},"38":{"start":{"line":150,"column":22},"end":{"line":150,"column":48}},"39":{"start":{"line":153,"column":25},"end":{"line":157,"column":null}},"40":{"start":{"line":160,"column":25},"end":{"line":160,"column":67}},"41":{"start":{"line":162,"column":24},"end":{"line":166,"column":null}},"42":{"start":{"line":169,"column":21},"end":{"line":169,"column":36}},"43":{"start":{"line":170,"column":2},"end":{"line":170,"column":null}},"44":{"start":{"line":171,"column":23},"end":{"line":171,"column":50}},"45":{"start":{"line":173,"column":2},"end":{"line":184,"column":null}},"46":{"start":{"line":115,"column":0},"end":{"line":115,"column":16}},"47":{"start":{"line":199,"column":2},"end":{"line":210,"column":null}},"48":{"start":{"line":187,"column":0},"end":{"line":187,"column":16}}},"fnMap":{"0":{"name":"(anonymous_6)","decl":{"start":{"line":15,"column":0},"end":{"line":15,"column":17}},"loc":{"start":{"line":15,"column":33},"end":{"line":19,"column":1}}},"1":{"name":"createBodyWithMultipleMessages","decl":{"start":{"line":22,"column":16},"end":{"line":22,"column":46}},"loc":{"start":{"line":22,"column":76},"end":{"line":33,"column":1}}},"2":{"name":"(anonymous_8)","decl":{"start":{"line":25,"column":19},"end":{"line":25,"column":20}},"loc":{"start":{"line":25,"column":31},"end":{"line":27,"column":3}}},"3":{"name":"createBody","decl":{"start":{"line":35,"column":16},"end":{"line":35,"column":26}},"loc":{"start":{"line":35,"column":53},"end":{"line":37,"column":1}}},"4":{"name":"createFee","decl":{"start":{"line":39,"column":16},"end":{"line":39,"column":25}},"loc":{"start":{"line":39,"column":70},"end":{"line":49,"column":1}}},"5":{"name":"createSignerInfo","decl":{"start":{"line":51,"column":16},"end":{"line":51,"column":32}},"loc":{"start":{"line":55,"column":14},"end":{"line":88,"column":1}}},"6":{"name":"createAuthInfo","decl":{"start":{"line":90,"column":16},"end":{"line":90,"column":30}},"loc":{"start":{"line":92,"column":31},"end":{"line":98,"column":1}}},"7":{"name":"createSigDoc","decl":{"start":{"line":100,"column":16},"end":{"line":100,"column":28}},"loc":{"start":{"line":104,"column":23},"end":{"line":112,"column":1}}},"8":{"name":"createTransactionWithMultipleMessages","decl":{"start":{"line":115,"column":16},"end":{"line":115,"column":53}},"loc":{"start":{"line":125,"column":17},"end":{"line":185,"column":1}}},"9":{"name":"createTransaction","decl":{"start":{"line":187,"column":16},"end":{"line":187,"column":33}},"loc":{"start":{"line":197,"column":17},"end":{"line":211,"column":1}}}},"branchMap":{"0":{"loc":{"start":{"line":15,"column":17},"end":{"line":15,"column":null}},"type":"binary-expr","locations":[{"start":{"line":15,"column":17},"end":{"line":15,"column":33}},{"start":{"line":15,"column":17},"end":{"line":15,"column":null}}]},"1":{"loc":{"start":{"line":60,"column":2},"end":{"line":75,"column":null}},"type":"if","locations":[{"start":{"line":60,"column":2},"end":{"line":75,"column":null}},{"start":{"line":67,"column":9},"end":{"line":75,"column":null}}]}},"s":{"0":1,"1":1,"2":1,"3":1,"4":1,"5":1,"6":1,"7":1,"8":1,"9":1,"10":1,"11":3,"12":3,"13":3,"14":3,"15":1,"16":2,"17":1,"18":4,"19":1,"20":5,"21":0,"22":5,"23":5,"24":5,"25":1,"26":4,"27":1,"28":3,"29":1,"30":1,"31":1,"32":1,"33":1,"34":1,"35":1,"36":1,"37":1,"38":1,"39":1,"40":1,"41":1,"42":1,"43":1,"44":1,"45":1,"46":1,"47":1,"48":1},"f":{"0":1,"1":3,"2":3,"3":2,"4":4,"5":5,"6":4,"7":3,"8":1,"9":1},"b":{"0":[1,1],"1":[0,5]}}
}
